{"action":27,"origin":"ac2","date":"2021-08-27T09:29:10","phones":[],"objects":[],"characters":[],"vehicles":[],"interiors":[],"accounts":[2],"content":"Connected from 26.87.215.141 - 16090D8A566E2A3701337D29DF656753","factions":[]}
{"action":27,"origin":"ac2","date":"2021-08-27T09:29:49","phones":[],"objects":[],"characters":[0],"vehicles":[],"interiors":[],"accounts":[2],"content":"Disconnected (Quit) (Name: Owl.Player.4859)","factions":[]}
{"action":27,"origin":"ac2","date":"2021-08-27T09:30:16","phones":[],"objects":[],"characters":[],"vehicles":[],"interiors":[],"accounts":[2],"content":"Connected from 26.87.215.141 - 16090D8A566E2A3701337D29DF656753","factions":[]}
{"action":27,"origin":"ac2","date":"2021-08-27T09:32:48","phones":[],"objects":[],"characters":[1],"vehicles":[],"interiors":[],"accounts":[2],"content":"Created","factions":[]}
{"action":27,"origin":"ac2","date":"2021-08-27T09:32:48","phones":[],"objects":[],"characters":[1],"vehicles":[],"interiors":[],"accounts":[2],"content":"Spawned","factions":[]}
{"action":40,"origin":"ch1","date":"2021-08-27T09:33:15","phones":[],"objects":[],"characters":[1],"vehicles":[],"interiors":[],"accounts":[],"content":"Murilo Estrela takes out his Cellphone.","factions":[]}
{"action":40,"origin":"ch1","date":"2021-08-27T09:33:51","phones":[],"objects":[],"characters":[1],"vehicles":[],"interiors":[],"accounts":[],"content":"Murilo Estrela puts down his Cellphone.","factions":[]}
{"action":8,"origin":"ch1","date":"2021-08-27T09:33:53","phones":[],"objects":[],"characters":[1],"vehicles":[],"interiors":[],"accounts":[],"content":"mm","factions":[]}
{"action":40,"origin":"ch1","date":"2021-08-27T09:34:02","phones":[],"objects":[],"characters":[1],"vehicles":[],"interiors":[],"accounts":[],"content":"Murilo Estrela takes out his Cellphone.","factions":[]}
{"action":8,"origin":"ch1","date":"2021-08-27T09:35:06","phones":[],"objects":[],"characters":[1],"vehicles":[],"interiors":[],"accounts":[],"content":"ew","factions":[]}
{"action":30,"origin":"ch1","date":"2021-08-27T09:35:10","phones":[348528,232323],"objects":[],"characters":[1],"vehicles":[],"interiors":[],"accounts":[],"content":"waeaweaw ","factions":[]}
{"action":40,"origin":"ch1","date":"2021-08-27T09:35:14","phones":[],"objects":[],"characters":[1],"vehicles":[],"interiors":[],"accounts":[],"content":"Murilo Estrela puts down his Cellphone.","factions":[]}
{"action":27,"origin":"ac2","date":"2021-08-27T09:36:23","phones":[],"objects":[],"characters":[1],"vehicles":[],"interiors":[],"accounts":[2],"content":"Disconnected (Quit) (Name: Murilo_Estrela)","factions":[]}
{"action":27,"origin":"ac2","date":"2021-08-27T09:38:07","phones":[],"objects":[],"characters":[],"vehicles":[],"interiors":[],"accounts":[2],"content":"Connected from 26.87.215.141 - 16090D8A566E2A3701337D29DF656753","factions":[]}
{"action":27,"origin":"ac2","date":"2021-08-27T09:38:16","phones":[],"objects":[],"characters":[1],"vehicles":[],"interiors":[],"accounts":[2],"content":"Spawned","factions":[]}
{"action":27,"origin":"ac2","date":"2021-08-27T09:38:25","phones":[],"objects":[],"characters":[0],"vehicles":[],"interiors":[],"accounts":[2],"content":"Went to character selection","factions":[]}
{"action":27,"origin":"ac2","date":"2021-08-27T09:38:45","phones":[],"objects":[],"characters":[1],"vehicles":[],"interiors":[],"accounts":[2],"content":"Spawned","factions":[]}
{"action":26,"origin":"ch1","date":"2021-08-27T09:40:08","phones":[],"objects":[],"characters":[1],"vehicles":[],"interiors":[],"accounts":[],"content":"Purchase logs: FREE GAMECOINS AWARD! (SCRIPTER ADMINTEST) - Cost: 100 GCs","factions":[]}
{"action":4,"origin":"ch1","date":"2021-08-27T09:40:08","phones":[],"objects":[],"characters":[1],"vehicles":[],"interiors":[],"accounts":[],"content":"givegc GCs: 100 Reason: te","factions":[]}
{"action":4,"origin":"ch1","date":"2021-08-27T09:42:03","phones":[],"objects":[],"characters":[1],"vehicles":[],"interiors":[],"accounts":[],"content":"GIVEITEM Ski Mask 1","factions":[]}
{"action":40,"origin":"ch1","date":"2021-08-27T09:42:06","phones":[],"objects":[],"characters":[1],"vehicles":[],"interiors":[],"accounts":[],"content":"Murilo Estrela slips a mask over their face.","factions":[]}
{"action":40,"origin":"ch1","date":"2021-08-27T09:42:11","phones":[],"objects":[],"characters":[1],"vehicles":[],"interiors":[],"accounts":[],"content":"Murilo Estrela slips a mask off their face.","factions":[]}
{"action":7,"origin":"ch1","date":"2021-08-27T09:42:36","phones":[],"objects":[],"characters":[1],"vehicles":[],"interiors":[],"accounts":[],"content":"English: Make","factions":[]}
{"action":6,"origin":"ch1","date":"2021-08-27T09:49:43","phones":[],"objects":[],"characters":[1],"vehicles":[],"interiors":[],"accounts":[],"content":" Created new vehicle #1 in library.","factions":[]}
{"action":6,"origin":"ch1","date":"2021-08-27T09:50:10","phones":[],"objects":[],"characters":[1],"vehicles":[],"interiors":[],"accounts":[],"content":" Updated vehicle #1 from library.","factions":[]}
{"action":6,"origin":"ch1","date":"2021-08-27T09:50:56","phones":[],"objects":[],"characters":[1],"vehicles":[],"interiors":[],"accounts":[],"content":" Updated vehicle #1 from library.","factions":[]}
{"action":6,"origin":"ch1","date":"2021-08-27T09:51:05","phones":[],"objects":[],"characters":[1],"vehicles":[],"interiors":[],"accounts":[],"content":" Updated vehicle #1 from library.","factions":[]}
{"action":4,"origin":"ch1","date":"2021-08-27T09:51:07","phones":[],"objects":[],"characters":[1],"vehicles":[],"interiors":[],"accounts":[],"content":"RESETCARSHOP","factions":[]}
{"action":4,"origin":"ch1","date":"2021-08-27T09:51:36","phones":[],"objects":[],"characters":[1],"vehicles":[],"interiors":[],"accounts":[],"content":"GIVEMONEY 10000","factions":[]}
{"action":6,"origin":"ch1","date":"2021-08-27T09:51:52","phones":[],"objects":[],"characters":[],"vehicles":[1],"interiors":[],"accounts":[],"content":"BOUGHTNEWCAR Infernus (Custom Model ID #1, Price: $1)","factions":[]}
{"action":40,"origin":"ch1","date":"2021-08-27T09:52:03","phones":[],"objects":[],"characters":[1],"vehicles":[],"interiors":[],"accounts":[],"content":"Murilo Estrela presses on the key to unlock the vehicle. ((1111 11 1))","factions":[]}
{"action":31,"origin":"ch1","date":"2021-08-27T09:52:03","phones":[],"objects":[],"characters":[],"vehicles":[1],"interiors":[],"accounts":[],"content":"UNLOCK FROM OUTSIDE","factions":[]}
{"action":31,"origin":"ch1","date":"2021-08-27T09:52:09","phones":[],"objects":[],"characters":[1],"vehicles":[1],"interiors":[],"accounts":[],"content":"STARTED ENGINE","factions":[]}
{"action":6,"origin":"ch1","date":"2021-08-27T09:53:07","phones":[],"objects":[],"characters":[1],"vehicles":[1],"interiors":[],"accounts":[],"content":"SETVEHTINT 1","factions":[]}
{"action":6,"origin":"ch1","date":"2021-08-27T09:53:50","phones":[],"objects":[],"characters":[],"vehicles":[1],"interiors":[],"accounts":[],"content":"PARK","factions":[]}
{"action":31,"origin":"ch1","date":"2021-08-27T09:54:02","phones":[],"objects":[],"characters":[1],"vehicles":[1],"interiors":[],"accounts":[],"content":"STARTED ENGINE","factions":[]}
{"action":6,"origin":"ch1","date":"2021-08-27T09:54:39","phones":[],"objects":[],"characters":[],"vehicles":[1],"interiors":[],"accounts":[],"content":"PARK","factions":[]}
{"action":4,"origin":"ch1","date":"2021-08-27T09:59:18","phones":[],"objects":[],"characters":[1],"vehicles":[],"interiors":[],"accounts":[],"content":"GIVEITEM Flashlight 1","factions":[]}
{"action":4,"origin":"ch1","date":"2021-08-27T09:59:29","phones":[],"objects":[],"characters":[1],"vehicles":[],"interiors":[],"accounts":[],"content":"GIVEITEM Car Battery Charger 1","factions":[]}
{"action":4,"origin":"ch1","date":"2021-08-27T10:00:34","phones":[],"objects":[],"characters":[1],"vehicles":[],"interiors":[],"accounts":[],"content":"GIVEITEM Flashlight 100","factions":[]}
{"action":40,"origin":"ch1","date":"2021-08-27T10:00:38","phones":[],"objects":[],"characters":[1],"vehicles":[],"interiors":[],"accounts":[],"content":"Murilo Estrela destroyed a Flashlight.","factions":[]}
{"action":40,"origin":"ch1","date":"2021-08-27T10:00:41","phones":[],"objects":[],"characters":[1],"vehicles":[],"interiors":[],"accounts":[],"content":"Murilo Estrela shows everyone a Flashlight.","factions":[]}
{"action":39,"origin":"ch1","date":"2021-08-27T10:00:43","phones":[],"objects":[],"characters":[1],"vehicles":[],"interiors":[],"accounts":[],"content":"Murilo_Estrela -> ~World #1 - Flashlight - 100 @ (2299.9287, -1528.5159, 25.875) in (int 0, dim 0)","factions":[]}
{"action":40,"origin":"ch1","date":"2021-08-27T10:00:43","phones":[],"objects":[],"characters":[1],"vehicles":[],"interiors":[],"accounts":[],"content":"Murilo Estrela dropped a Flashlight.","factions":[]}
{"action":39,"origin":"ch1","date":"2021-08-27T10:00:44","phones":[],"objects":[1],"characters":[],"vehicles":[],"interiors":[],"accounts":[],"content":"~World #1 @ (2299.9287109375, -1528.5158691406, 25.924999237061) in (int 0, dim 0) ->Murilo_Estrela - Flashlight - 100","factions":[]}
{"action":40,"origin":"ch1","date":"2021-08-27T10:00:44","phones":[],"objects":[],"characters":[1],"vehicles":[],"interiors":[],"accounts":[],"content":"Murilo Estrela bends over and picks up a Flashlight.","factions":[]}
{"action":7,"origin":"ch1","date":"2021-08-27T10:02:46","phones":[],"objects":[],"characters":[1],"vehicles":[],"interiors":[],"accounts":[],"content":"English: Qmake","factions":[]}
{"action":7,"origin":"ch1","date":"2021-08-27T10:07:51","phones":[],"objects":[],"characters":[1],"vehicles":[],"interiors":[],"accounts":[],"content":"English: Q91","factions":[]}
{"action":6,"origin":"ch1","date":"2021-08-27T10:10:09","phones":[],"objects":[],"characters":[],"vehicles":[1],"interiors":[],"accounts":[],"content":"RESPAWN","factions":[]}
{"action":26,"origin":"ch1","date":"2021-08-27T10:15:24","phones":[],"objects":[],"characters":[1],"vehicles":[],"interiors":[],"accounts":[],"content":"Purchase logs: FREE GAMECOINS AWARD! (SCRIPTER ADMINTEST) - Cost: 100000 GCs","factions":[]}
{"action":4,"origin":"ch1","date":"2021-08-27T10:15:24","phones":[],"objects":[],"characters":[1],"vehicles":[],"interiors":[],"accounts":[],"content":"givegc GCs: 100000 Reason: we","factions":[]}
{"action":26,"origin":"ch1","date":"2021-08-27T10:15:33","phones":[],"objects":[],"characters":[1],"vehicles":[],"interiors":[],"accounts":[],"content":"Purchase logs: Instant 15 hours played - Cost: -250 GCs","factions":[]}
{"action":26,"origin":"ch1","date":"2021-08-27T10:16:02","phones":[],"objects":[],"characters":[1],"vehicles":[],"interiors":[],"accounts":[],"content":"Purchase logs: Increase vehicle slots (6) - Cost: -200 GCs","factions":[]}
{"action":26,"origin":"ch1","date":"2021-08-27T10:16:10","phones":[],"objects":[],"characters":[1],"vehicles":[],"interiors":[],"accounts":[],"content":"Purchase logs: Dupont Membership (+1 extra manufacture slot) - Cost: -50 GCs","factions":[]}
{"action":26,"origin":"ch1","date":"2021-08-27T10:29:03","phones":[],"objects":[],"characters":[1],"vehicles":[],"interiors":[],"accounts":[],"content":"Purchase logs: Instant Dupont Manufacture - Cost: -50 GCs","factions":[]}
{"action":40,"origin":"ch1","date":"2021-08-27T10:30:41","phones":[],"objects":[],"characters":[1],"vehicles":[],"interiors":[],"accounts":[],"content":"Murilo Estrela shows everyone a Clothes.","factions":[]}
{"action":40,"origin":"ch1","date":"2021-08-27T10:31:45","phones":[],"objects":[],"characters":[1],"vehicles":[],"interiors":[],"accounts":[],"content":"Murilo Estrela takes out his Cellphone.","factions":[]}
{"action":40,"origin":"ch1","date":"2021-08-27T10:31:50","phones":[],"objects":[],"characters":[1],"vehicles":[],"interiors":[],"accounts":[],"content":"Murilo Estrela puts down his Cellphone.","factions":[]}
{"action":39,"origin":"ch1","date":"2021-08-27T10:32:08","phones":[],"objects":[],"characters":[1],"vehicles":[],"interiors":[],"accounts":[],"content":"Murilo_Estrela -> ~World #2 - Clothes - 21:1 @ (1507.9679, -1730.126, 12.382813) in (int 0, dim 0)","factions":[]}
{"action":40,"origin":"ch1","date":"2021-08-27T10:32:08","phones":[],"objects":[],"characters":[1],"vehicles":[],"interiors":[],"accounts":[],"content":"Murilo Estrela dropped a Clothes.","factions":[]}
{"action":39,"origin":"ch1","date":"2021-08-27T10:32:09","phones":[],"objects":[2],"characters":[],"vehicles":[],"interiors":[],"accounts":[],"content":"~World #2 @ (1507.9678955078, -1730.1259765625, 12.48281288147) in (int 0, dim 0) ->Murilo_Estrela - Clothes - 21:1","factions":[]}
{"action":40,"origin":"ch1","date":"2021-08-27T10:32:09","phones":[],"objects":[],"characters":[1],"vehicles":[],"interiors":[],"accounts":[],"content":"Murilo Estrela bends over and picks up a Clothes.","factions":[]}
{"action":4,"origin":"ch1","date":"2021-08-27T10:32:29","phones":[],"objects":[],"characters":[1],"vehicles":[],"interiors":[],"accounts":[],"content":"GIVEITEM Backpack 1","factions":[]}
{"action":40,"origin":"ch1","date":"2021-08-27T10:33:10","phones":[],"objects":[],"characters":[1],"vehicles":[],"interiors":[],"accounts":[],"content":"Murilo Estrela changes their clothes.","factions":[]}
{"action":4,"origin":"ch1","date":"2021-08-27T10:33:28","phones":[],"objects":[],"characters":[1],"vehicles":[],"interiors":[],"accounts":[],"content":"GIVEITEM Clothes 21","factions":[]}
{"action":40,"origin":"ch1","date":"2021-08-27T10:33:32","phones":[],"objects":[],"characters":[1],"vehicles":[],"interiors":[],"accounts":[],"content":"Murilo Estrela changes their clothes.","factions":[]}
{"action":40,"origin":"ch1","date":"2021-08-27T10:33:33","phones":[],"objects":[],"characters":[1],"vehicles":[],"interiors":[],"accounts":[],"content":"Murilo Estrela changes their clothes.","factions":[]}
{"action":40,"origin":"ch1","date":"2021-08-27T10:33:44","phones":[],"objects":[],"characters":[1],"vehicles":[],"interiors":[],"accounts":[],"content":"Murilo Estrela changes their clothes.","factions":[]}
{"action":40,"origin":"ch1","date":"2021-08-27T10:33:47","phones":[],"objects":[],"characters":[1],"vehicles":[],"interiors":[],"accounts":[],"content":"Murilo Estrela changes their clothes.","factions":[]}
{"action":40,"origin":"ch1","date":"2021-08-27T10:35:51","phones":[],"objects":[],"characters":[1],"vehicles":[],"interiors":[],"accounts":[],"content":"Murilo Estrela wraps a blue bandana around their head.","factions":[]}
{"action":40,"origin":"ch1","date":"2021-08-27T10:35:51","phones":[],"objects":[],"characters":[1],"vehicles":[],"interiors":[],"accounts":[],"content":"Murilo Estrela removes a blue bandana from their head.","factions":[]}
{"action":40,"origin":"ch1","date":"2021-08-27T10:35:53","phones":[],"objects":[],"characters":[1],"vehicles":[],"interiors":[],"accounts":[],"content":"Murilo Estrela changes their clothes.","factions":[]}
{"action":40,"origin":"ch1","date":"2021-08-27T10:35:54","phones":[],"objects":[],"characters":[1],"vehicles":[],"interiors":[],"accounts":[],"content":"Murilo Estrela changes their clothes.","factions":[]}
{"action":40,"origin":"ch1","date":"2021-08-27T10:35:59","phones":[],"objects":[],"characters":[1],"vehicles":[],"interiors":[],"accounts":[],"content":"Murilo Estrela changes their clothes.","factions":[]}
{"action":40,"origin":"ch1","date":"2021-08-27T10:38:20","phones":[],"objects":[],"characters":[1],"vehicles":[],"interiors":[],"accounts":[],"content":"Murilo Estrela wraps a blue bandana around their head.","factions":[]}
{"action":7,"origin":"ch1","date":"2021-08-27T10:39:36","phones":[],"objects":[],"characters":[1],"vehicles":[],"interiors":[],"accounts":[],"content":"English: Qlic","factions":[]}
{"action":36,"origin":"ch1","date":"2021-08-27T10:40:28","phones":[],"objects":[],"characters":[1],"vehicles":[],"interiors":[],"accounts":[],"content":"bought WEAPON - 24:mp9ZN80rOvgBmH0tmub8:Desert Eagle Pistol:0","factions":[]}
{"action":36,"origin":"ch1","date":"2021-08-27T10:40:54","phones":[],"objects":[],"characters":[1],"vehicles":[],"interiors":[],"accounts":[],"content":"bought AMMO - 4:20:OF9ZN80rmv5BmH0tmub8","factions":[]}
{"action":40,"origin":"ch1","date":"2021-08-27T10:41:04","phones":[],"objects":[],"characters":[1],"vehicles":[],"interiors":[],"accounts":[],"content":"Murilo Estrela reloads his Desert Eagle Pistol.","factions":[]}
{"action":39,"origin":"ch1","date":"2021-08-27T10:41:32","phones":[],"objects":[],"characters":[1],"vehicles":[],"interiors":[],"accounts":[],"content":"Murilo_Estrela -> ~World #3 - Shell Casing - .45 casing @ (1490.2162, -1705.7145, 13.546875) in (int 0, dim 0)","factions":[]}
{"action":13,"origin":"ch1","date":"2021-08-27T10:41:36","phones":[],"objects":[],"characters":[1],"vehicles":[],"interiors":[],"accounts":[],"content":"You'd hear a series of loud pistol gunshots echoing throughout the vicinity","factions":[]}
{"action":39,"origin":"ch1","date":"2021-08-27T10:41:37","phones":[],"objects":[],"characters":[1],"vehicles":[],"interiors":[],"accounts":[],"content":"Murilo_Estrela -> ~World #4 - Shell Casing - .45 casing @ (1489.7723, -1684.4181, 13.546875) in (int 0, dim 0)","factions":[]}
{"action":27,"origin":"ac2","date":"2021-08-27T10:45:53","phones":[],"objects":[],"characters":[1],"vehicles":[],"interiors":[],"accounts":[2],"content":"Disconnected (Quit) (Name: Murilo_Estrela)","factions":[]}
