{"action":27,"origin":"ac2","date":"2021-09-13T18:45:24","phones":[],"objects":[],"characters":[],"vehicles":[],"interiors":[],"accounts":[2],"content":"Connected from 26.87.215.141 - 16090D8A566E2A3701337D29DF656753","factions":[]}
{"action":27,"origin":"ac2","date":"2021-09-13T18:45:33","phones":[],"objects":[],"characters":[1],"vehicles":[],"interiors":[],"accounts":[2],"content":"Spawned","factions":[]}
{"action":31,"origin":"ch1","date":"2021-09-13T18:46:29","phones":[],"objects":[],"characters":[1],"vehicles":[],"interiors":[6],"accounts":[],"content":"ENTERED","factions":[]}
{"action":31,"origin":"ch1","date":"2021-09-13T18:46:53","phones":[],"objects":[],"characters":[1],"vehicles":[],"interiors":[6],"accounts":[],"content":"EXITED","factions":[]}
{"action":7,"origin":"ch1","date":"2021-09-13T19:10:28","phones":[],"objects":[],"characters":[1],"vehicles":[],"interiors":[],"accounts":[],"content":"English: Qir","factions":[]}
{"action":7,"origin":"ch1","date":"2021-09-13T19:10:42","phones":[],"objects":[],"characters":[1],"vehicles":[],"interiors":[],"accounts":[],"content":"English: .\/intslist","factions":[]}
{"action":4,"origin":"ch1","date":"2021-09-13T19:16:52","phones":[],"objects":[],"characters":[1],"vehicles":[],"interiors":[],"accounts":[],"content":"SETHP 21","factions":[]}
{"action":4,"origin":"ch1","date":"2021-09-13T19:16:56","phones":[],"objects":[],"characters":[1],"vehicles":[],"interiors":[],"accounts":[],"content":"SETHP 20","factions":[]}
{"action":4,"origin":"ch1","date":"2021-09-13T19:16:58","phones":[],"objects":[],"characters":[1],"vehicles":[],"interiors":[],"accounts":[],"content":"SETHP 19","factions":[]}
{"action":4,"origin":"ch1","date":"2021-09-13T19:21:07","phones":[],"objects":[],"characters":[1],"vehicles":[],"interiors":[],"accounts":[],"content":"SETHP 20","factions":[]}
{"action":4,"origin":"ch1","date":"2021-09-13T19:21:08","phones":[],"objects":[],"characters":[1],"vehicles":[],"interiors":[],"accounts":[],"content":"SETHP 19","factions":[]}
{"action":4,"origin":"ch1","date":"2021-09-13T19:39:01","phones":[],"objects":[],"characters":[1],"vehicles":[],"interiors":[],"accounts":[],"content":"SETHP 100","factions":[]}
{"action":4,"origin":"ch1","date":"2021-09-13T19:39:07","phones":[],"objects":[],"characters":[1],"vehicles":[],"interiors":[],"accounts":[],"content":"SETHP 30","factions":[]}
{"action":4,"origin":"ch1","date":"2021-09-13T19:39:28","phones":[],"objects":[],"characters":[1],"vehicles":[],"interiors":[],"accounts":[],"content":"SETHP 100","factions":[]}
{"action":4,"origin":"ch1","date":"2021-09-13T19:39:33","phones":[],"objects":[],"characters":[1],"vehicles":[],"interiors":[],"accounts":[],"content":"SETHP 54","factions":[]}
{"action":4,"origin":"ch1","date":"2021-09-13T19:39:36","phones":[],"objects":[],"characters":[1],"vehicles":[],"interiors":[],"accounts":[],"content":"SETHP 52","factions":[]}
{"action":4,"origin":"ch1","date":"2021-09-13T19:39:39","phones":[],"objects":[],"characters":[1],"vehicles":[],"interiors":[],"accounts":[],"content":"SETHP 100","factions":[]}
{"action":4,"origin":"ch1","date":"2021-09-13T19:41:08","phones":[],"objects":[],"characters":[1],"vehicles":[],"interiors":[],"accounts":[],"content":"SETHP 20","factions":[]}
{"action":4,"origin":"ch1","date":"2021-09-13T19:42:07","phones":[],"objects":[],"characters":[1],"vehicles":[],"interiors":[],"accounts":[],"content":"SETHP 100","factions":[]}
{"action":4,"origin":"ch1","date":"2021-09-13T19:50:09","phones":[],"objects":[],"characters":[1],"vehicles":[],"interiors":[],"accounts":[],"content":"SETHP 20","factions":[]}
{"action":4,"origin":"ch1","date":"2021-09-13T19:50:15","phones":[],"objects":[],"characters":[1],"vehicles":[],"interiors":[],"accounts":[],"content":"SETHP 100","factions":[]}
{"action":4,"origin":"ch1","date":"2021-09-13T19:51:11","phones":[],"objects":[],"characters":[1],"vehicles":[],"interiors":[],"accounts":[],"content":"SETHP 20","factions":[]}
{"action":4,"origin":"ch1","date":"2021-09-13T19:51:13","phones":[],"objects":[],"characters":[1],"vehicles":[],"interiors":[],"accounts":[],"content":"SETHP 100","factions":[]}
{"action":4,"origin":"ch1","date":"2021-09-13T19:51:38","phones":[],"objects":[],"characters":[1],"vehicles":[],"interiors":[],"accounts":[],"content":"SETHP 20","factions":[]}
{"action":4,"origin":"ch1","date":"2021-09-13T19:51:44","phones":[],"objects":[],"characters":[1],"vehicles":[],"interiors":[],"accounts":[],"content":"SETHP 100","factions":[]}
{"action":4,"origin":"ch1","date":"2021-09-13T19:52:11","phones":[],"objects":[],"characters":[1],"vehicles":[],"interiors":[],"accounts":[],"content":"SETHP 20","factions":[]}
{"action":4,"origin":"ch1","date":"2021-09-13T19:52:14","phones":[],"objects":[],"characters":[1],"vehicles":[],"interiors":[],"accounts":[],"content":"SETHP 100","factions":[]}
{"action":4,"origin":"ch1","date":"2021-09-13T19:52:21","phones":[],"objects":[],"characters":[1],"vehicles":[],"interiors":[],"accounts":[],"content":"SETHP 20","factions":[]}
{"action":4,"origin":"ch1","date":"2021-09-13T19:52:26","phones":[],"objects":[],"characters":[1],"vehicles":[],"interiors":[],"accounts":[],"content":"SETHP 100","factions":[]}
{"action":27,"origin":"ac4","date":"2021-09-13T20:00:05","phones":[],"objects":[],"characters":[],"vehicles":[],"interiors":[],"accounts":[4],"content":"Connected from 192.168.0.11 - 1C202727546E2698B49125DD31888E53","factions":[]}
{"action":27,"origin":"ac4","date":"2021-09-13T20:00:14","phones":[],"objects":[],"characters":[2],"vehicles":[],"interiors":[],"accounts":[4],"content":"Spawned","factions":[]}
{"action":4,"origin":"ch1","date":"2021-09-13T20:00:27","phones":[],"objects":[],"characters":[1],"vehicles":[],"interiors":[],"accounts":[],"content":"SETHP 100","factions":[]}
{"action":4,"origin":"ch1","date":"2021-09-13T20:00:29","phones":[],"objects":[],"characters":[2],"vehicles":[],"interiors":[],"accounts":[],"content":"SETHP 100","factions":[]}
{"action":7,"origin":"ch1","date":"2021-09-13T20:02:54","phones":[],"objects":[],"characters":[1,2],"vehicles":[],"interiors":[],"accounts":[],"content":"English: Qkt","factions":[]}
{"action":34,"origin":"ch2","date":"2021-09-13T20:04:14","phones":[],"objects":[],"characters":[2],"vehicles":[],"interiors":[],"accounts":[],"content":" faleceu","factions":[]}
{"action":4,"origin":"ch1","date":"2021-09-13T20:04:58","phones":[],"objects":[],"characters":[2],"vehicles":[],"interiors":[],"accounts":[],"content":"SETHP 100","factions":[]}
{"action":34,"origin":"ch2","date":"2021-09-13T20:13:40","phones":[],"objects":[],"characters":[2],"vehicles":[],"interiors":[],"accounts":[],"content":" faleceu","factions":[]}
{"action":4,"origin":"ch1","date":"2021-09-13T20:13:42","phones":[],"objects":[],"characters":[1],"vehicles":[],"interiors":[],"accounts":[],"content":"GIVEITEM Kit de Primeiros Socorros 1","factions":[]}
{"action":4,"origin":"ch1","date":"2021-09-13T20:13:46","phones":[],"objects":[],"characters":[2],"vehicles":[],"interiors":[],"accounts":[],"content":"REVIVED from PK","factions":[]}
{"action":4,"origin":"ch1","date":"2021-09-13T20:20:46","phones":[],"objects":[],"characters":[1],"vehicles":[],"interiors":[],"accounts":[],"content":"GIVEITEM Kit de Primeiros Socorros 1","factions":[]}
{"action":4,"origin":"ch1","date":"2021-09-13T20:21:57","phones":[],"objects":[],"characters":[1],"vehicles":[],"interiors":[],"accounts":[],"content":"GIVEITEM Kit de Primeiros Socorros 1","factions":[]}
{"action":4,"origin":"ch1","date":"2021-09-13T20:22:23","phones":[],"objects":[],"characters":[1],"vehicles":[],"interiors":[],"accounts":[],"content":"AHEAL 100","factions":[]}
{"action":4,"origin":"ch1","date":"2021-09-13T20:22:24","phones":[],"objects":[],"characters":[2],"vehicles":[],"interiors":[],"accounts":[],"content":"AHEAL 100","factions":[]}
{"action":4,"origin":"ch1","date":"2021-09-13T20:22:32","phones":[],"objects":[],"characters":[2],"vehicles":[],"interiors":[],"accounts":[],"content":"SETHP 30","factions":[]}
{"action":4,"origin":"ch1","date":"2021-09-13T20:23:18","phones":[],"objects":[],"characters":[1],"vehicles":[],"interiors":[],"accounts":[],"content":"GIVEITEM Kit de Primeiros Socorros 1","factions":[]}
{"action":4,"origin":"ch1","date":"2021-09-13T20:26:27","phones":[],"objects":[],"characters":[1],"vehicles":[],"interiors":[],"accounts":[],"content":"GIVEITEM Kit de Primeiros Socorros 1","factions":[]}
{"action":4,"origin":"ch1","date":"2021-09-13T20:26:58","phones":[],"objects":[],"characters":[1],"vehicles":[],"interiors":[],"accounts":[],"content":"GIVEITEM Kit de Primeiros Socorros 1","factions":[]}
{"action":4,"origin":"ch1","date":"2021-09-13T20:27:18","phones":[],"objects":[],"characters":[1],"vehicles":[],"interiors":[],"accounts":[],"content":"GIVEITEM Kit de Primeiros Socorros 1","factions":[]}
{"action":7,"origin":"ch1","date":"2021-09-13T20:29:20","phones":[],"objects":[],"characters":[1,2],"vehicles":[],"interiors":[],"accounts":[],"content":"English: Kkk morre ai","factions":[]}
{"action":4,"origin":"ch1","date":"2021-09-13T20:35:33","phones":[],"objects":[],"characters":[1],"vehicles":[],"interiors":[],"accounts":[],"content":"GIVEITEM Kit de Primeiros Socorros 1","factions":[]}
{"action":4,"origin":"ch1","date":"2021-09-13T20:35:43","phones":[],"objects":[],"characters":[1],"vehicles":[],"interiors":[],"accounts":[],"content":"GIVEITEM Kit de Primeiros Socorros 1","factions":[]}
{"action":4,"origin":"ch1","date":"2021-09-13T20:36:08","phones":[],"objects":[],"characters":[2],"vehicles":[],"interiors":[],"accounts":[],"content":"SETHP 100","factions":[]}
{"action":7,"origin":"ch2","date":"2021-09-13T20:55:00","phones":[],"objects":[],"characters":[2,1],"vehicles":[],"interiors":[],"accounts":[],"content":"English: Q7","factions":[]}
{"action":7,"origin":"ch2","date":"2021-09-13T20:55:04","phones":[],"objects":[],"characters":[2,1],"vehicles":[],"interiors":[],"accounts":[],"content":"English: Qqq","factions":[]}
{"action":4,"origin":"ch1","date":"2021-09-13T20:55:10","phones":[],"objects":[],"characters":[2],"vehicles":[],"interiors":[],"accounts":[],"content":"SETHP 20","factions":[]}
{"action":4,"origin":"ch1","date":"2021-09-13T20:55:15","phones":[],"objects":[],"characters":[2],"vehicles":[],"interiors":[],"accounts":[],"content":"SETHP 100","factions":[]}
{"action":4,"origin":"ch1","date":"2021-09-13T20:55:35","phones":[],"objects":[],"characters":[2],"vehicles":[],"interiors":[],"accounts":[],"content":"SETHP 100","factions":[]}
{"action":4,"origin":"ch1","date":"2021-09-13T20:55:36","phones":[],"objects":[],"characters":[2],"vehicles":[],"interiors":[],"accounts":[],"content":"SETHP 20","factions":[]}
{"action":4,"origin":"ch1","date":"2021-09-13T20:55:38","phones":[],"objects":[],"characters":[2],"vehicles":[],"interiors":[],"accounts":[],"content":"SETHP 100","factions":[]}
{"action":27,"origin":"ac2","date":"2021-09-13T20:57:34","phones":[],"objects":[],"characters":[1],"vehicles":[],"interiors":[],"accounts":[2],"content":"Disconnected (Quit) (Name: Murilo_Estrela)","factions":[]}
{"action":27,"origin":"ac2","date":"2021-09-13T20:58:34","phones":[],"objects":[],"characters":[],"vehicles":[],"interiors":[],"accounts":[2],"content":"Connected from 26.87.215.141 - 16090D8A566E2A3701337D29DF656753","factions":[]}
{"action":27,"origin":"ac2","date":"2021-09-13T20:58:42","phones":[],"objects":[],"characters":[1],"vehicles":[],"interiors":[],"accounts":[2],"content":"Spawned","factions":[]}
{"action":27,"origin":"ac2","date":"2021-09-13T21:11:10","phones":[],"objects":[],"characters":[1],"vehicles":[],"interiors":[],"accounts":[2],"content":"Disconnected (Quit) (Name: Murilo_Estrela)","factions":[]}
{"action":27,"origin":"ac2","date":"2021-09-13T21:11:50","phones":[],"objects":[],"characters":[],"vehicles":[],"interiors":[],"accounts":[2],"content":"Connected from 26.87.215.141 - 16090D8A566E2A3701337D29DF656753","factions":[]}
{"action":27,"origin":"ac2","date":"2021-09-13T21:11:59","phones":[],"objects":[],"characters":[1],"vehicles":[],"interiors":[],"accounts":[2],"content":"Spawned","factions":[]}
{"action":40,"origin":"ch1","date":"2021-09-13T21:19:52","phones":[],"objects":[],"characters":[2,1],"vehicles":[],"interiors":[],"accounts":[],"content":"Murilo Estrela destruiu um(a) Patins de Gelo.","factions":[]}
{"action":40,"origin":"ch1","date":"2021-09-13T21:19:56","phones":[],"objects":[],"characters":[2,1],"vehicles":[],"interiors":[],"accounts":[],"content":"Murilo Estrela destruiu um(a) Mascará de Esqui.","factions":[]}
{"action":40,"origin":"ch1","date":"2021-09-13T21:19:58","phones":[],"objects":[],"characters":[2,1],"vehicles":[],"interiors":[],"accounts":[],"content":"Murilo Estrela destruiu um(a) Capacede de Moto (Fechado).","factions":[]}
{"action":40,"origin":"ch1","date":"2021-09-13T21:19:59","phones":[],"objects":[],"characters":[2,1],"vehicles":[],"interiors":[],"accounts":[],"content":"Murilo Estrela destruiu um(a) Lanterna.","factions":[]}
{"action":40,"origin":"ch1","date":"2021-09-13T21:20:01","phones":[],"objects":[],"characters":[2,1],"vehicles":[],"interiors":[],"accounts":[],"content":"Murilo Estrela destruiu um(a) Rastreador de Veículo.","factions":[]}
{"action":40,"origin":"ch1","date":"2021-09-13T21:20:02","phones":[],"objects":[],"characters":[2,1],"vehicles":[],"interiors":[],"accounts":[],"content":"Murilo Estrela destruiu um(a) Viozy Hidden Vehicle Tracker 315 Pro ((Indetectavel)).","factions":[]}
{"action":40,"origin":"ch1","date":"2021-09-13T21:20:03","phones":[],"objects":[],"characters":[2,1],"vehicles":[],"interiors":[],"accounts":[],"content":"Murilo Estrela destruiu um(a) Maço de Cigarro.","factions":[]}
{"action":40,"origin":"ch1","date":"2021-09-13T21:20:04","phones":[],"objects":[],"characters":[2,1],"vehicles":[],"interiors":[],"accounts":[],"content":"Murilo Estrela destruiu um(a) Radio.","factions":[]}
{"action":40,"origin":"ch1","date":"2021-09-13T21:20:07","phones":[],"objects":[],"characters":[2,1],"vehicles":[],"interiors":[],"accounts":[],"content":"Murilo Estrela destruiu um(a) Celular.","factions":[]}
{"action":40,"origin":"ch1","date":"2021-09-13T21:20:08","phones":[],"objects":[],"characters":[2,1],"vehicles":[],"interiors":[],"accounts":[],"content":"Murilo Estrela destruiu um(a) Carregador de Bateria de Carro.","factions":[]}
{"action":40,"origin":"ch1","date":"2021-09-13T21:20:09","phones":[],"objects":[],"characters":[2,1],"vehicles":[],"interiors":[],"accounts":[],"content":"Murilo Estrela destruiu um(a) Isqueiro.","factions":[]}
{"action":4,"origin":"ch1","date":"2021-09-13T21:20:14","phones":[],"objects":[],"characters":[1],"vehicles":[],"interiors":[],"accounts":[],"content":"GIVEITEM .45 ACP (200 balas, serial: 'OF9ZN8brmvbw08hqmHb8').","factions":[]}
{"action":40,"origin":"ch1","date":"2021-09-13T21:20:23","phones":[],"objects":[],"characters":[2,1],"vehicles":[],"interiors":[],"accounts":[],"content":"Murilo Estrela recarrega sua Desert Eagle Pistol.","factions":[]}
{"action":40,"origin":"ch2","date":"2021-09-13T21:20:33","phones":[],"objects":[],"characters":[2,1],"vehicles":[],"interiors":[],"accounts":[],"content":"Eeee Eeeee teve sua perna esquerda atingida.","factions":[]}
{"action":39,"origin":"ch1","date":"2021-09-13T21:20:34","phones":[],"objects":[],"characters":[1],"vehicles":[],"interiors":[],"accounts":[],"content":"Murilo_Estrela -> ~World #30 - Cartucho - .45 casing @ (2001.5105, -1716.6345, 12.382813) in (int 0, dim 0)","factions":[]}
{"action":13,"origin":"ch1","date":"2021-09-13T21:20:36","phones":[],"objects":[],"characters":[2,1],"vehicles":[],"interiors":[],"accounts":[],"content":"Você ouve uma série de altos tiros de pistola ecoando pela vizinhança","factions":[]}
{"action":39,"origin":"ch1","date":"2021-09-13T21:20:37","phones":[],"objects":[],"characters":[1],"vehicles":[],"interiors":[],"accounts":[],"content":"Murilo_Estrela -> ~World #31 - Cartucho - .45 casing @ (1999.3552, -1717.045, 12.382813) in (int 0, dim 0)","factions":[]}
{"action":4,"origin":"ch1","date":"2021-09-13T21:21:07","phones":[],"objects":[],"characters":[1],"vehicles":[],"interiors":[],"accounts":[],"content":"GIVEITEM Kit de Primeiros Socorros 1","factions":[]}
{"action":4,"origin":"ch1","date":"2021-09-13T21:21:19","phones":[],"objects":[],"characters":[2],"vehicles":[],"interiors":[],"accounts":[],"content":"SETHP 100","factions":[]}
{"action":4,"origin":"ch1","date":"2021-09-13T21:21:34","phones":[],"objects":[],"characters":[1],"vehicles":[],"interiors":[],"accounts":[],"content":"GIVEITEM Kit de Primeiros Socorros 1","factions":[]}
{"action":40,"origin":"ch2","date":"2021-09-13T21:21:37","phones":[],"objects":[],"characters":[2,1],"vehicles":[],"interiors":[],"accounts":[],"content":"Eeee Eeeee teve seu braço direito atingido.","factions":[]}
{"action":39,"origin":"ch1","date":"2021-09-13T21:21:38","phones":[],"objects":[],"characters":[1],"vehicles":[],"interiors":[],"accounts":[],"content":"Murilo_Estrela -> ~World #32 - Cartucho - .45 casing @ (2001.7867, -1715.6677, 12.382813) in (int 0, dim 0)","factions":[]}
{"action":13,"origin":"ch1","date":"2021-09-13T21:21:39","phones":[],"objects":[],"characters":[2,1],"vehicles":[],"interiors":[],"accounts":[],"content":"Você ouve uma série de altos tiros de pistola ecoando pela vizinhança","factions":[]}
{"action":40,"origin":"ch2","date":"2021-09-13T21:21:39","phones":[],"objects":[],"characters":[2,1],"vehicles":[],"interiors":[],"accounts":[],"content":"Eeee Eeeee teve sua perna esquerda atingida.","factions":[]}
{"action":39,"origin":"ch1","date":"2021-09-13T21:21:40","phones":[],"objects":[],"characters":[1],"vehicles":[],"interiors":[],"accounts":[],"content":"Murilo_Estrela -> ~World #33 - Cartucho - .45 casing @ (2001.2866, -1717.0626, 12.382813) in (int 0, dim 0)","factions":[]}
{"action":4,"origin":"ch1","date":"2021-09-13T21:21:50","phones":[],"objects":[],"characters":[1],"vehicles":[],"interiors":[],"accounts":[],"content":"GIVEITEM Kit de Primeiros Socorros 1","factions":[]}
{"action":39,"origin":"ch1","date":"2021-09-13T21:21:54","phones":[],"objects":[],"characters":[1],"vehicles":[],"interiors":[],"accounts":[],"content":"Murilo_Estrela -> ~World #34 - Cartucho - .45 casing @ (2002.3455, -1715.6849, 12.382813) in (int 0, dim 0)","factions":[]}
{"action":4,"origin":"ch1","date":"2021-09-13T21:23:08","phones":[],"objects":[],"characters":[1],"vehicles":[],"interiors":[],"accounts":[],"content":"GIVEITEM Kit de Primeiros Socorros 1","factions":[]}
{"action":13,"origin":"ch1","date":"2021-09-13T21:23:13","phones":[],"objects":[],"characters":[2,1],"vehicles":[],"interiors":[],"accounts":[],"content":"Você ouve uma série de altos tiros de pistola ecoando pela vizinhança","factions":[]}
{"action":34,"origin":"ch2","date":"2021-09-13T21:23:13","phones":[],"objects":[],"characters":[2,1],"vehicles":[],"interiors":[],"accounts":[],"content":" foi morto por Murilo Estrela (Deagle)","factions":[]}
{"action":39,"origin":"ch1","date":"2021-09-13T21:23:14","phones":[],"objects":[],"characters":[1],"vehicles":[],"interiors":[],"accounts":[],"content":"Murilo_Estrela -> ~World #35 - Cartucho - .45 casing @ (2001.4788, -1716.2261, 12.382813) in (int 0, dim 0)","factions":[]}
{"action":4,"origin":"ch1","date":"2021-09-13T21:23:20","phones":[],"objects":[],"characters":[2],"vehicles":[],"interiors":[],"accounts":[],"content":"REVIVED from PK","factions":[]}
{"action":39,"origin":"ch1","date":"2021-09-13T21:23:24","phones":[],"objects":[],"characters":[1],"vehicles":[],"interiors":[],"accounts":[],"content":"Murilo_Estrela -> ~World #36 - Cartucho - .45 casing @ (2002.3474, -1715.8016, 12.382813) in (int 0, dim 0)","factions":[]}
{"action":40,"origin":"ch1","date":"2021-09-13T21:23:25","phones":[],"objects":[],"characters":[2,1],"vehicles":[],"interiors":[],"accounts":[],"content":"Murilo Estrela recarrega sua Desert Eagle Pistol.","factions":[]}
{"action":39,"origin":"ch1","date":"2021-09-13T21:23:31","phones":[],"objects":[],"characters":[1],"vehicles":[],"interiors":[],"accounts":[],"content":"Murilo_Estrela -> ~World #37 - Cartucho - .45 casing @ (2002.4475, -1716.0099, 12.382813) in (int 0, dim 0)","factions":[]}
{"action":39,"origin":"ch1","date":"2021-09-13T21:23:32","phones":[],"objects":[],"characters":[1],"vehicles":[],"interiors":[],"accounts":[],"content":"Murilo_Estrela -> ~World #38 - Cartucho - .45 casing @ (2002.4431, -1716.0157, 12.382813) in (int 0, dim 0)","factions":[]}
{"action":40,"origin":"ch2","date":"2021-09-13T21:23:33","phones":[],"objects":[],"characters":[2,1],"vehicles":[],"interiors":[],"accounts":[],"content":"Eeee Eeeee teve sua perna direita atingida.","factions":[]}
{"action":39,"origin":"ch1","date":"2021-09-13T21:23:34","phones":[],"objects":[],"characters":[1],"vehicles":[],"interiors":[],"accounts":[],"content":"Murilo_Estrela -> ~World #39 - Cartucho - 2 projetil de .45 @ (2002.4314, -1716.0312, 12.382813) in (int 0, dim 0)","factions":[]}
{"action":39,"origin":"ch1","date":"2021-09-13T21:23:41","phones":[],"objects":[],"characters":[1],"vehicles":[],"interiors":[],"accounts":[],"content":"Murilo_Estrela -> ~World #40 - Cartucho - .45 casing @ (2003.0394, -1716.2693, 12.382813) in (int 0, dim 0)","factions":[]}
{"action":39,"origin":"ch1","date":"2021-09-13T21:23:43","phones":[],"objects":[],"characters":[1],"vehicles":[],"interiors":[],"accounts":[],"content":"Murilo_Estrela -> ~World #41 - Cartucho - 2 projetil de .45 @ (2003.0723, -1716.2269, 12.382813) in (int 0, dim 0)","factions":[]}
{"action":40,"origin":"ch1","date":"2021-09-13T21:23:46","phones":[],"objects":[],"characters":[2,1],"vehicles":[],"interiors":[],"accounts":[],"content":"Murilo Estrela recarrega sua Desert Eagle Pistol.","factions":[]}
{"action":39,"origin":"ch1","date":"2021-09-13T21:23:53","phones":[],"objects":[],"characters":[1],"vehicles":[],"interiors":[],"accounts":[],"content":"Murilo_Estrela -> ~World #42 - Cartucho - .45 casing @ (2003.1331, -1716.2319, 12.382813) in (int 0, dim 0)","factions":[]}
{"action":39,"origin":"ch1","date":"2021-09-13T21:23:56","phones":[],"objects":[],"characters":[1],"vehicles":[],"interiors":[],"accounts":[],"content":"Murilo_Estrela -> ~World #43 - Cartucho - 3 projetil de .45 @ (2003.1426, -1716.1741, 12.382813) in (int 0, dim 0)","factions":[]}
{"action":40,"origin":"ch2","date":"2021-09-13T21:24:00","phones":[],"objects":[],"characters":[2,1],"vehicles":[],"interiors":[],"accounts":[],"content":"Eeee Eeeee teve sua perna direita atingida.","factions":[]}
{"action":39,"origin":"ch1","date":"2021-09-13T21:24:01","phones":[],"objects":[],"characters":[1],"vehicles":[],"interiors":[],"accounts":[],"content":"Murilo_Estrela -> ~World #44 - Cartucho - .45 casing @ (2003.1155, -1716.3635, 12.382813) in (int 0, dim 0)","factions":[]}
{"action":4,"origin":"ch1","date":"2021-09-13T21:24:09","phones":[],"objects":[],"characters":[1],"vehicles":[],"interiors":[],"accounts":[],"content":"GIVEITEM Kit de Primeiros Socorros 1","factions":[]}
{"action":40,"origin":"ch1","date":"2021-09-13T21:24:13","phones":[],"objects":[],"characters":[2,1],"vehicles":[],"interiors":[],"accounts":[],"content":"Murilo Estrela recarrega sua Desert Eagle Pistol.","factions":[]}
{"action":39,"origin":"ch1","date":"2021-09-13T21:24:30","phones":[],"objects":[32],"characters":[],"vehicles":[],"interiors":[],"accounts":[],"content":"~World #32 @ (2001.7867431641, -1715.6677246094, 12.382813453674) in (int 0, dim 0) ->Murilo_Estrela - Cartucho - .45 casing","factions":[]}
{"action":40,"origin":"ch1","date":"2021-09-13T21:24:30","phones":[],"objects":[],"characters":[2,1],"vehicles":[],"interiors":[],"accounts":[],"content":"Murilo Estrela se inclina e pega a Cartucho.","factions":[]}
{"action":39,"origin":"ch1","date":"2021-09-13T21:24:32","phones":[],"objects":[36],"characters":[],"vehicles":[],"interiors":[],"accounts":[],"content":"~World #36 @ (2002.3474121094, -1715.8016357422, 12.382813453674) in (int 0, dim 0) ->Murilo_Estrela - Cartucho - .45 casing","factions":[]}
{"action":40,"origin":"ch1","date":"2021-09-13T21:24:32","phones":[],"objects":[],"characters":[2,1],"vehicles":[],"interiors":[],"accounts":[],"content":"Murilo Estrela se inclina e pega a Cartucho.","factions":[]}
{"action":39,"origin":"ch1","date":"2021-09-13T21:24:32","phones":[],"objects":[37],"characters":[],"vehicles":[],"interiors":[],"accounts":[],"content":"~World #37 @ (2002.4475097656, -1716.0098876953, 12.382813453674) in (int 0, dim 0) ->Murilo_Estrela - Cartucho - .45 casing","factions":[]}
{"action":40,"origin":"ch1","date":"2021-09-13T21:24:32","phones":[],"objects":[],"characters":[2,1],"vehicles":[],"interiors":[],"accounts":[],"content":"Murilo Estrela se inclina e pega a Cartucho.","factions":[]}
{"action":39,"origin":"ch1","date":"2021-09-13T21:24:34","phones":[],"objects":[38],"characters":[],"vehicles":[],"interiors":[],"accounts":[],"content":"~World #38 @ (2002.4431152344, -1716.0157470703, 12.382813453674) in (int 0, dim 0) ->Murilo_Estrela - Cartucho - .45 casing","factions":[]}
{"action":40,"origin":"ch1","date":"2021-09-13T21:24:34","phones":[],"objects":[],"characters":[2,1],"vehicles":[],"interiors":[],"accounts":[],"content":"Murilo Estrela se inclina e pega a Cartucho.","factions":[]}
{"action":39,"origin":"ch1","date":"2021-09-13T21:24:35","phones":[],"objects":[43],"characters":[],"vehicles":[],"interiors":[],"accounts":[],"content":"~World #43 @ (2003.142578125, -1716.1740722656, 12.382813453674) in (int 0, dim 0) ->Murilo_Estrela - Cartucho - 3 projetil de .45","factions":[]}
{"action":40,"origin":"ch1","date":"2021-09-13T21:24:35","phones":[],"objects":[],"characters":[2,1],"vehicles":[],"interiors":[],"accounts":[],"content":"Murilo Estrela se inclina e pega a Cartucho.","factions":[]}
{"action":39,"origin":"ch1","date":"2021-09-13T21:24:35","phones":[],"objects":[42],"characters":[],"vehicles":[],"interiors":[],"accounts":[],"content":"~World #42 @ (2003.1330566406, -1716.2319335938, 12.382813453674) in (int 0, dim 0) ->Murilo_Estrela - Cartucho - .45 casing","factions":[]}
{"action":40,"origin":"ch1","date":"2021-09-13T21:24:35","phones":[],"objects":[],"characters":[2,1],"vehicles":[],"interiors":[],"accounts":[],"content":"Murilo Estrela se inclina e pega a Cartucho.","factions":[]}
{"action":39,"origin":"ch1","date":"2021-09-13T21:24:35","phones":[],"objects":[44],"characters":[],"vehicles":[],"interiors":[],"accounts":[],"content":"~World #44 @ (2003.1154785156, -1716.3635253906, 12.382813453674) in (int 0, dim 0) ->Murilo_Estrela - Cartucho - .45 casing","factions":[]}
{"action":40,"origin":"ch1","date":"2021-09-13T21:24:35","phones":[],"objects":[],"characters":[2,1],"vehicles":[],"interiors":[],"accounts":[],"content":"Murilo Estrela se inclina e pega a Cartucho.","factions":[]}
{"action":39,"origin":"ch1","date":"2021-09-13T21:24:36","phones":[],"objects":[41],"characters":[],"vehicles":[],"interiors":[],"accounts":[],"content":"~World #41 @ (2003.072265625, -1716.2269287109, 12.382813453674) in (int 0, dim 0) ->Murilo_Estrela - Cartucho - 2 projetil de .45","factions":[]}
{"action":40,"origin":"ch1","date":"2021-09-13T21:24:36","phones":[],"objects":[],"characters":[2,1],"vehicles":[],"interiors":[],"accounts":[],"content":"Murilo Estrela se inclina e pega a Cartucho.","factions":[]}
{"action":39,"origin":"ch1","date":"2021-09-13T21:24:36","phones":[],"objects":[40],"characters":[],"vehicles":[],"interiors":[],"accounts":[],"content":"~World #40 @ (2003.0394287109, -1716.2692871094, 12.382813453674) in (int 0, dim 0) ->Murilo_Estrela - Cartucho - .45 casing","factions":[]}
{"action":40,"origin":"ch1","date":"2021-09-13T21:24:36","phones":[],"objects":[],"characters":[2,1],"vehicles":[],"interiors":[],"accounts":[],"content":"Murilo Estrela se inclina e pega a Cartucho.","factions":[]}
{"action":39,"origin":"ch1","date":"2021-09-13T21:24:36","phones":[],"objects":[39],"characters":[],"vehicles":[],"interiors":[],"accounts":[],"content":"~World #39 @ (2002.4313964844, -1716.03125, 12.382813453674) in (int 0, dim 0) ->Murilo_Estrela - Cartucho - 2 projetil de .45","factions":[]}
{"action":40,"origin":"ch1","date":"2021-09-13T21:24:36","phones":[],"objects":[],"characters":[2,1],"vehicles":[],"interiors":[],"accounts":[],"content":"Murilo Estrela se inclina e pega a Cartucho.","factions":[]}
{"action":39,"origin":"ch1","date":"2021-09-13T21:24:37","phones":[],"objects":[34],"characters":[],"vehicles":[],"interiors":[],"accounts":[],"content":"~World #34 @ (2002.3454589844, -1715.6849365234, 12.382813453674) in (int 0, dim 0) ->Murilo_Estrela - Cartucho - .45 casing","factions":[]}
{"action":40,"origin":"ch1","date":"2021-09-13T21:24:37","phones":[],"objects":[],"characters":[2,1],"vehicles":[],"interiors":[],"accounts":[],"content":"Murilo Estrela se inclina e pega a Cartucho.","factions":[]}
{"action":39,"origin":"ch1","date":"2021-09-13T21:24:38","phones":[],"objects":[35],"characters":[],"vehicles":[],"interiors":[],"accounts":[],"content":"~World #35 @ (2001.4787597656, -1716.2260742188, 12.382813453674) in (int 0, dim 0) ->Murilo_Estrela - Cartucho - .45 casing","factions":[]}
{"action":40,"origin":"ch1","date":"2021-09-13T21:24:38","phones":[],"objects":[],"characters":[2,1],"vehicles":[],"interiors":[],"accounts":[],"content":"Murilo Estrela se inclina e pega a Cartucho.","factions":[]}
{"action":39,"origin":"ch1","date":"2021-09-13T21:24:38","phones":[],"objects":[30],"characters":[],"vehicles":[],"interiors":[],"accounts":[],"content":"~World #30 @ (2001.5104980469, -1716.6345214844, 12.382813453674) in (int 0, dim 0) ->Murilo_Estrela - Cartucho - .45 casing","factions":[]}
{"action":40,"origin":"ch1","date":"2021-09-13T21:24:38","phones":[],"objects":[],"characters":[2,1],"vehicles":[],"interiors":[],"accounts":[],"content":"Murilo Estrela se inclina e pega a Cartucho.","factions":[]}
{"action":39,"origin":"ch1","date":"2021-09-13T21:24:39","phones":[],"objects":[33],"characters":[],"vehicles":[],"interiors":[],"accounts":[],"content":"~World #33 @ (2001.2866210938, -1717.0626220703, 12.382813453674) in (int 0, dim 0) ->Murilo_Estrela - Cartucho - .45 casing","factions":[]}
{"action":40,"origin":"ch1","date":"2021-09-13T21:24:39","phones":[],"objects":[],"characters":[2,1],"vehicles":[],"interiors":[],"accounts":[],"content":"Murilo Estrela se inclina e pega a Cartucho.","factions":[]}
{"action":39,"origin":"ch1","date":"2021-09-13T21:24:44","phones":[],"objects":[31],"characters":[],"vehicles":[],"interiors":[],"accounts":[],"content":"~World #31 @ (1999.3552246094, -1717.0450439453, 12.382813453674) in (int 0, dim 0) ->Murilo_Estrela - Cartucho - .45 casing","factions":[]}
{"action":40,"origin":"ch1","date":"2021-09-13T21:24:44","phones":[],"objects":[],"characters":[2,1],"vehicles":[],"interiors":[],"accounts":[],"content":"Murilo Estrela se inclina e pega a Cartucho.","factions":[]}
{"action":40,"origin":"ch1","date":"2021-09-13T21:24:56","phones":[],"objects":[],"characters":[2,1],"vehicles":[],"interiors":[],"accounts":[],"content":"Murilo Estrela destruiu um(a) Cartucho.","factions":[]}
{"action":40,"origin":"ch1","date":"2021-09-13T21:24:57","phones":[],"objects":[],"characters":[2,1],"vehicles":[],"interiors":[],"accounts":[],"content":"Murilo Estrela destruiu um(a) Cartucho.","factions":[]}
{"action":40,"origin":"ch1","date":"2021-09-13T21:24:57","phones":[],"objects":[],"characters":[2,1],"vehicles":[],"interiors":[],"accounts":[],"content":"Murilo Estrela destruiu um(a) Cartucho.","factions":[]}
{"action":40,"origin":"ch1","date":"2021-09-13T21:24:58","phones":[],"objects":[],"characters":[2,1],"vehicles":[],"interiors":[],"accounts":[],"content":"Murilo Estrela destruiu um(a) Cartucho.","factions":[]}
{"action":40,"origin":"ch1","date":"2021-09-13T21:24:58","phones":[],"objects":[],"characters":[2,1],"vehicles":[],"interiors":[],"accounts":[],"content":"Murilo Estrela destruiu um(a) Cartucho.","factions":[]}
{"action":40,"origin":"ch1","date":"2021-09-13T21:24:58","phones":[],"objects":[],"characters":[2,1],"vehicles":[],"interiors":[],"accounts":[],"content":"Murilo Estrela destruiu um(a) Cartucho.","factions":[]}
{"action":40,"origin":"ch1","date":"2021-09-13T21:24:59","phones":[],"objects":[],"characters":[2,1],"vehicles":[],"interiors":[],"accounts":[],"content":"Murilo Estrela destruiu um(a) Cartucho.","factions":[]}
{"action":40,"origin":"ch1","date":"2021-09-13T21:24:59","phones":[],"objects":[],"characters":[2,1],"vehicles":[],"interiors":[],"accounts":[],"content":"Murilo Estrela destruiu um(a) Cartucho.","factions":[]}
{"action":40,"origin":"ch1","date":"2021-09-13T21:24:59","phones":[],"objects":[],"characters":[2,1],"vehicles":[],"interiors":[],"accounts":[],"content":"Murilo Estrela destruiu um(a) Cartucho.","factions":[]}
{"action":40,"origin":"ch1","date":"2021-09-13T21:25:00","phones":[],"objects":[],"characters":[2,1],"vehicles":[],"interiors":[],"accounts":[],"content":"Murilo Estrela destruiu um(a) Cartucho.","factions":[]}
{"action":40,"origin":"ch1","date":"2021-09-13T21:25:00","phones":[],"objects":[],"characters":[2,1],"vehicles":[],"interiors":[],"accounts":[],"content":"Murilo Estrela destruiu um(a) Cartucho.","factions":[]}
{"action":40,"origin":"ch1","date":"2021-09-13T21:25:00","phones":[],"objects":[],"characters":[2,1],"vehicles":[],"interiors":[],"accounts":[],"content":"Murilo Estrela destruiu um(a) Cartucho.","factions":[]}
{"action":40,"origin":"ch1","date":"2021-09-13T21:25:00","phones":[],"objects":[],"characters":[2,1],"vehicles":[],"interiors":[],"accounts":[],"content":"Murilo Estrela destruiu um(a) Cartucho.","factions":[]}
{"action":40,"origin":"ch1","date":"2021-09-13T21:25:01","phones":[],"objects":[],"characters":[2,1],"vehicles":[],"interiors":[],"accounts":[],"content":"Murilo Estrela destruiu um(a) Cartucho.","factions":[]}
{"action":40,"origin":"ch1","date":"2021-09-13T21:25:01","phones":[],"objects":[],"characters":[2,1],"vehicles":[],"interiors":[],"accounts":[],"content":"Murilo Estrela destruiu um(a) Cartucho.","factions":[]}
{"action":4,"origin":"ch1","date":"2021-09-13T21:25:46","phones":[],"objects":[],"characters":[1],"vehicles":[],"interiors":[],"accounts":[],"content":"GIVEITEM Kit de Primeiros Socorros 1","factions":[]}
{"action":4,"origin":"ch1","date":"2021-09-13T21:26:00","phones":[],"objects":[],"characters":[1],"vehicles":[],"interiors":[],"accounts":[],"content":"GIVEITEM Kit de Primeiros Socorros 1","factions":[]}
{"action":4,"origin":"ch1","date":"2021-09-13T21:33:44","phones":[],"objects":[],"characters":[1],"vehicles":[],"interiors":[],"accounts":[],"content":"PLAYER-SETDIMENSION 9","factions":[]}
{"action":4,"origin":"ch1","date":"2021-09-13T21:33:50","phones":[],"objects":[],"characters":[1],"vehicles":[],"interiors":[],"accounts":[],"content":"PLAYER-SETINTERIOR 6","factions":[]}
{"action":7,"origin":"ch2","date":"2021-09-13T21:35:24","phones":[],"objects":[],"characters":[2,1],"vehicles":[],"interiors":[],"accounts":[],"content":"English: Q]7","factions":[]}
{"action":13,"origin":"ch1","date":"2021-09-13T21:37:55","phones":[],"objects":[],"characters":[2,1],"vehicles":[],"interiors":[],"accounts":[],"content":"Você ouve uma série de altos tiros de pistola ecoando pela vizinhança","factions":[]}
{"action":34,"origin":"ch2","date":"2021-09-13T21:37:55","phones":[],"objects":[],"characters":[2,1],"vehicles":[],"interiors":[],"accounts":[],"content":" foi morto por Murilo Estrela (Deagle)","factions":[]}
{"action":39,"origin":"ch1","date":"2021-09-13T21:37:56","phones":[],"objects":[],"characters":[1],"vehicles":[],"interiors":[],"accounts":[],"content":"Murilo_Estrela -> ~World #45 - Cartucho - .45 casing @ (1962.5474, -1717.3248, 14.96875) in (int 0, dim 0)","factions":[]}
{"action":4,"origin":"ch1","date":"2021-09-13T21:38:00","phones":[],"objects":[],"characters":[2],"vehicles":[],"interiors":[],"accounts":[],"content":"REVIVED from PK","factions":[]}
{"action":40,"origin":"ch2","date":"2021-09-13T21:38:02","phones":[],"objects":[],"characters":[2,1],"vehicles":[],"interiors":[],"accounts":[],"content":"Eeee Eeeee teve sua perna esquerda atingida.","factions":[]}
{"action":40,"origin":"ch2","date":"2021-09-13T21:38:03","phones":[],"objects":[],"characters":[2,1],"vehicles":[],"interiors":[],"accounts":[],"content":"Eeee Eeeee teve sua perna direita atingida.","factions":[]}
{"action":39,"origin":"ch1","date":"2021-09-13T21:38:04","phones":[],"objects":[],"characters":[1],"vehicles":[],"interiors":[],"accounts":[],"content":"Murilo_Estrela -> ~World #46 - Cartucho - 2 projetil de .45 @ (1962.3209, -1717.6516, 14.96875) in (int 0, dim 0)","factions":[]}
{"action":40,"origin":"ch1","date":"2021-09-13T21:38:17","phones":[],"objects":[],"characters":[2,1],"vehicles":[],"interiors":[],"accounts":[],"content":"Murilo Estrela recarrega sua Desert Eagle Pistol.","factions":[]}
{"action":39,"origin":"ch1","date":"2021-09-13T21:38:20","phones":[],"objects":[45],"characters":[],"vehicles":[],"interiors":[],"accounts":[],"content":"~World #45 @ (1962.5473632813, -1717.3248291016, 14.96875) in (int 0, dim 0) ->Murilo_Estrela - Cartucho - .45 casing","factions":[]}
{"action":40,"origin":"ch1","date":"2021-09-13T21:38:20","phones":[],"objects":[],"characters":[2,1],"vehicles":[],"interiors":[],"accounts":[],"content":"Murilo Estrela se inclina e pega a Cartucho.","factions":[]}
{"action":39,"origin":"ch1","date":"2021-09-13T21:38:24","phones":[],"objects":[46],"characters":[],"vehicles":[],"interiors":[],"accounts":[],"content":"~World #46 @ (1962.3209228516, -1717.6516113281, 14.96875) in (int 0, dim 0) ->Murilo_Estrela - Cartucho - 2 projetil de .45","factions":[]}
{"action":40,"origin":"ch1","date":"2021-09-13T21:38:24","phones":[],"objects":[],"characters":[2,1],"vehicles":[],"interiors":[],"accounts":[],"content":"Murilo Estrela se inclina e pega a Cartucho.","factions":[]}
{"action":4,"origin":"ch1","date":"2021-09-13T21:38:45","phones":[],"objects":[],"characters":[1],"vehicles":[],"interiors":[],"accounts":[],"content":"GIVEITEM Kit de Primeiros Socorros 22","factions":[]}
{"action":13,"origin":"ch1","date":"2021-09-13T21:40:19","phones":[],"objects":[],"characters":[2,1],"vehicles":[],"interiors":[],"accounts":[],"content":"Você ouve uma série de altos tiros de pistola ecoando pela vizinhança","factions":[]}
{"action":34,"origin":"ch2","date":"2021-09-13T21:40:19","phones":[],"objects":[],"characters":[2,1],"vehicles":[],"interiors":[],"accounts":[],"content":" foi morto por Murilo Estrela (Deagle)","factions":[]}
{"action":39,"origin":"ch1","date":"2021-09-13T21:40:20","phones":[],"objects":[],"characters":[1],"vehicles":[],"interiors":[],"accounts":[],"content":"Murilo_Estrela -> ~World #47 - Cartucho - .45 casing @ (1936.8964, -1715.4984, 12.382813) in (int 0, dim 0)","factions":[]}
{"action":40,"origin":"ch1","date":"2021-09-13T21:40:22","phones":[],"objects":[],"characters":[2,1],"vehicles":[],"interiors":[],"accounts":[],"content":"Murilo Estrela recarrega sua Desert Eagle Pistol.","factions":[]}
{"action":4,"origin":"ch1","date":"2021-09-13T21:40:29","phones":[],"objects":[],"characters":[2],"vehicles":[],"interiors":[],"accounts":[],"content":"REVIVED from PK","factions":[]}
{"action":40,"origin":"ch2","date":"2021-09-13T21:40:31","phones":[],"objects":[],"characters":[2,1],"vehicles":[],"interiors":[],"accounts":[],"content":"Eeee Eeeee tem a cabeça estourada.","factions":[]}
{"action":34,"origin":"ch2","date":"2021-09-13T21:40:31","phones":[],"objects":[],"characters":[2,1],"vehicles":[],"interiors":[],"accounts":[],"content":" foi morto por Murilo Estrela (Deagle)","factions":[]}
{"action":39,"origin":"ch1","date":"2021-09-13T21:40:32","phones":[],"objects":[],"characters":[1],"vehicles":[],"interiors":[],"accounts":[],"content":"Murilo_Estrela -> ~World #48 - Cartucho - .45 casing @ (1936.772, -1714.9031, 12.382813) in (int 0, dim 0)","factions":[]}
{"action":4,"origin":"ch1","date":"2021-09-13T21:40:41","phones":[],"objects":[],"characters":[2],"vehicles":[],"interiors":[],"accounts":[],"content":"REVIVED from PK","factions":[]}
{"action":40,"origin":"ch1","date":"2021-09-13T21:40:45","phones":[],"objects":[],"characters":[2,1],"vehicles":[],"interiors":[],"accounts":[],"content":"Murilo Estrela recarrega sua Desert Eagle Pistol.","factions":[]}
{"action":13,"origin":"ch1","date":"2021-09-13T21:46:32","phones":[],"objects":[],"characters":[2,1],"vehicles":[],"interiors":[],"accounts":[],"content":"Você ouve uma série de altos tiros de pistola ecoando pela vizinhança","factions":[]}
{"action":40,"origin":"ch2","date":"2021-09-13T21:46:32","phones":[],"objects":[],"characters":[2,1],"vehicles":[],"interiors":[],"accounts":[],"content":"Eeee Eeeee tem a cabeça estourada.","factions":[]}
{"action":34,"origin":"ch2","date":"2021-09-13T21:46:32","phones":[],"objects":[],"characters":[2,1],"vehicles":[],"interiors":[],"accounts":[],"content":" foi morto por Murilo Estrela (Deagle)","factions":[]}
{"action":39,"origin":"ch1","date":"2021-09-13T21:46:33","phones":[],"objects":[],"characters":[1],"vehicles":[],"interiors":[],"accounts":[],"content":"Murilo_Estrela -> ~World #49 - Cartucho - .45 casing @ (1934.8457, -1705.9049, 12.546875) in (int 0, dim 0)","factions":[]}
{"action":40,"origin":"ch1","date":"2021-09-13T21:46:51","phones":[],"objects":[],"characters":[2,1],"vehicles":[],"interiors":[],"accounts":[],"content":"Murilo Estrela recarrega sua Desert Eagle Pistol.","factions":[]}
{"action":39,"origin":"ch1","date":"2021-09-13T21:47:01","phones":[],"objects":[49],"characters":[],"vehicles":[],"interiors":[],"accounts":[],"content":"~World #49 @ (1934.845703125, -1705.9049072266, 12.546875) in (int 0, dim 0) ->Murilo_Estrela - Cartucho - .45 casing","factions":[]}
{"action":40,"origin":"ch1","date":"2021-09-13T21:47:01","phones":[],"objects":[],"characters":[2,1],"vehicles":[],"interiors":[],"accounts":[],"content":"Murilo Estrela se inclina e pega a Cartucho.","factions":[]}
{"action":40,"origin":"ch2","date":"2021-09-13T22:02:49","phones":[],"objects":[],"characters":[2,1],"vehicles":[],"interiors":[],"accounts":[],"content":"Eeee Eeeee tem a cabeça estourada.","factions":[]}
{"action":34,"origin":"ch2","date":"2021-09-13T22:02:49","phones":[],"objects":[],"characters":[2,1],"vehicles":[],"interiors":[],"accounts":[],"content":" foi morto por Murilo Estrela (Deagle)","factions":[]}
{"action":39,"origin":"ch1","date":"2021-09-13T22:02:50","phones":[],"objects":[],"characters":[1],"vehicles":[],"interiors":[],"accounts":[],"content":"Murilo_Estrela -> ~World #50 - Cartucho - .45 casing @ (1941.8905, -1710.7589, 12.382813) in (int 0, dim 0)","factions":[]}
{"action":4,"origin":"ch1","date":"2021-09-13T22:03:07","phones":[],"objects":[],"characters":[2],"vehicles":[],"interiors":[],"accounts":[],"content":"REVIVED from PK","factions":[]}
{"action":13,"origin":"ch1","date":"2021-09-13T22:03:13","phones":[],"objects":[],"characters":[2,1],"vehicles":[],"interiors":[],"accounts":[],"content":"Você ouve uma série de altos tiros de pistola ecoando pela vizinhança","factions":[]}
{"action":40,"origin":"ch2","date":"2021-09-13T22:03:13","phones":[],"objects":[],"characters":[2,1],"vehicles":[],"interiors":[],"accounts":[],"content":"Eeee Eeeee tem a cabeça estourada.","factions":[]}
{"action":34,"origin":"ch2","date":"2021-09-13T22:03:13","phones":[],"objects":[],"characters":[2,1],"vehicles":[],"interiors":[],"accounts":[],"content":" foi morto por Murilo Estrela (Deagle)","factions":[]}
{"action":39,"origin":"ch1","date":"2021-09-13T22:03:14","phones":[],"objects":[],"characters":[1],"vehicles":[],"interiors":[],"accounts":[],"content":"Murilo_Estrela -> ~World #51 - Cartucho - .45 casing @ (1941.8591, -1710.8278, 12.382813) in (int 0, dim 0)","factions":[]}
{"action":4,"origin":"ch1","date":"2021-09-13T22:03:22","phones":[],"objects":[],"characters":[2],"vehicles":[],"interiors":[],"accounts":[],"content":"REVIVED from PK","factions":[]}
{"action":40,"origin":"ch1","date":"2021-09-13T22:03:23","phones":[],"objects":[],"characters":[2,1],"vehicles":[],"interiors":[],"accounts":[],"content":"Murilo Estrela recarrega sua Desert Eagle Pistol.","factions":[]}
{"action":40,"origin":"ch2","date":"2021-09-13T22:04:13","phones":[],"objects":[],"characters":[2,1],"vehicles":[],"interiors":[],"accounts":[],"content":"Eeee Eeeee tem a cabeça estourada.","factions":[]}
{"action":34,"origin":"ch2","date":"2021-09-13T22:04:13","phones":[],"objects":[],"characters":[2,1],"vehicles":[],"interiors":[],"accounts":[],"content":" foi morto por Murilo Estrela (Deagle)","factions":[]}
{"action":39,"origin":"ch1","date":"2021-09-13T22:04:14","phones":[],"objects":[],"characters":[1],"vehicles":[],"interiors":[],"accounts":[],"content":"Murilo_Estrela -> ~World #52 - Cartucho - .45 casing @ (1942.8507, -1711.0629, 12.382813) in (int 0, dim 0)","factions":[]}
{"action":4,"origin":"ch1","date":"2021-09-13T22:04:28","phones":[],"objects":[],"characters":[2],"vehicles":[],"interiors":[],"accounts":[],"content":"REVIVED from PK","factions":[]}
{"action":13,"origin":"ch1","date":"2021-09-13T22:05:14","phones":[],"objects":[],"characters":[2,1],"vehicles":[],"interiors":[],"accounts":[],"content":"Você ouve uma série de altos tiros de pistola ecoando pela vizinhança","factions":[]}
{"action":40,"origin":"ch2","date":"2021-09-13T22:05:14","phones":[],"objects":[],"characters":[2,1],"vehicles":[],"interiors":[],"accounts":[],"content":"Eeee Eeeee tem a cabeça estourada.","factions":[]}
{"action":34,"origin":"ch2","date":"2021-09-13T22:05:14","phones":[],"objects":[],"characters":[2,1],"vehicles":[],"interiors":[],"accounts":[],"content":" foi morto por Murilo Estrela (Deagle)","factions":[]}
{"action":39,"origin":"ch1","date":"2021-09-13T22:05:15","phones":[],"objects":[],"characters":[1],"vehicles":[],"interiors":[],"accounts":[],"content":"Murilo_Estrela -> ~World #53 - Cartucho - .45 casing @ (1942.9117, -1711.2461, 12.382813) in (int 0, dim 0)","factions":[]}
{"action":4,"origin":"ch1","date":"2021-09-13T22:05:25","phones":[],"objects":[],"characters":[2],"vehicles":[],"interiors":[],"accounts":[],"content":"REVIVED from PK","factions":[]}
{"action":40,"origin":"ch2","date":"2021-09-13T22:05:32","phones":[],"objects":[],"characters":[2,1],"vehicles":[],"interiors":[],"accounts":[],"content":"Eeee Eeeee tem a cabeça estourada.","factions":[]}
{"action":34,"origin":"ch2","date":"2021-09-13T22:05:32","phones":[],"objects":[],"characters":[2,1],"vehicles":[],"interiors":[],"accounts":[],"content":" foi morto por Murilo Estrela (Deagle)","factions":[]}
{"action":39,"origin":"ch1","date":"2021-09-13T22:05:32","phones":[],"objects":[],"characters":[1],"vehicles":[],"interiors":[],"accounts":[],"content":"Murilo_Estrela -> ~World #54 - Cartucho - .45 casing @ (1942.0471, -1711.0211, 12.382813) in (int 0, dim 0)","factions":[]}
{"action":40,"origin":"ch1","date":"2021-09-13T22:05:33","phones":[],"objects":[],"characters":[2,1],"vehicles":[],"interiors":[],"accounts":[],"content":"Murilo Estrela recarrega sua Desert Eagle Pistol.","factions":[]}
{"action":4,"origin":"ch1","date":"2021-09-13T22:05:41","phones":[],"objects":[],"characters":[2],"vehicles":[],"interiors":[],"accounts":[],"content":"REVIVED from PK","factions":[]}
{"action":39,"origin":"ch1","date":"2021-09-13T22:07:01","phones":[],"objects":[52],"characters":[],"vehicles":[],"interiors":[],"accounts":[],"content":"~World #52 @ (1942.8507080078, -1711.0628662109, 12.382813453674) in (int 0, dim 0) ->Murilo_Estrela - Cartucho - .45 casing","factions":[]}
{"action":40,"origin":"ch1","date":"2021-09-13T22:07:01","phones":[],"objects":[],"characters":[2,1],"vehicles":[],"interiors":[],"accounts":[],"content":"Murilo Estrela se inclina e pega a Cartucho.","factions":[]}
{"action":39,"origin":"ch1","date":"2021-09-13T22:07:02","phones":[],"objects":[53],"characters":[],"vehicles":[],"interiors":[],"accounts":[],"content":"~World #53 @ (1942.9117431641, -1711.24609375, 12.382813453674) in (int 0, dim 0) ->Murilo_Estrela - Cartucho - .45 casing","factions":[]}
{"action":40,"origin":"ch1","date":"2021-09-13T22:07:02","phones":[],"objects":[],"characters":[2,1],"vehicles":[],"interiors":[],"accounts":[],"content":"Murilo Estrela se inclina e pega a Cartucho.","factions":[]}
{"action":39,"origin":"ch1","date":"2021-09-13T22:07:02","phones":[],"objects":[54],"characters":[],"vehicles":[],"interiors":[],"accounts":[],"content":"~World #54 @ (1942.0471191406, -1711.0211181641, 12.382813453674) in (int 0, dim 0) ->Murilo_Estrela - Cartucho - .45 casing","factions":[]}
{"action":40,"origin":"ch1","date":"2021-09-13T22:07:02","phones":[],"objects":[],"characters":[2,1],"vehicles":[],"interiors":[],"accounts":[],"content":"Murilo Estrela se inclina e pega a Cartucho.","factions":[]}
{"action":39,"origin":"ch1","date":"2021-09-13T22:07:02","phones":[],"objects":[51],"characters":[],"vehicles":[],"interiors":[],"accounts":[],"content":"~World #51 @ (1941.8591308594, -1710.8277587891, 12.382813453674) in (int 0, dim 0) ->Murilo_Estrela - Cartucho - .45 casing","factions":[]}
{"action":40,"origin":"ch1","date":"2021-09-13T22:07:02","phones":[],"objects":[],"characters":[2,1],"vehicles":[],"interiors":[],"accounts":[],"content":"Murilo Estrela se inclina e pega a Cartucho.","factions":[]}
{"action":39,"origin":"ch1","date":"2021-09-13T22:07:03","phones":[],"objects":[50],"characters":[],"vehicles":[],"interiors":[],"accounts":[],"content":"~World #50 @ (1941.8905029297, -1710.7589111328, 12.382813453674) in (int 0, dim 0) ->Murilo_Estrela - Cartucho - .45 casing","factions":[]}
{"action":40,"origin":"ch1","date":"2021-09-13T22:07:03","phones":[],"objects":[],"characters":[2,1],"vehicles":[],"interiors":[],"accounts":[],"content":"Murilo Estrela se inclina e pega a Cartucho.","factions":[]}
{"action":13,"origin":"ch1","date":"2021-09-13T22:10:17","phones":[],"objects":[],"characters":[2,1],"vehicles":[],"interiors":[],"accounts":[],"content":"Você ouve uma série de altos tiros de pistola ecoando pela vizinhança","factions":[]}
{"action":40,"origin":"ch2","date":"2021-09-13T22:10:17","phones":[],"objects":[],"characters":[2,1],"vehicles":[],"interiors":[],"accounts":[],"content":"Eeee Eeeee tem a cabeça estourada.","factions":[]}
{"action":34,"origin":"ch2","date":"2021-09-13T22:10:17","phones":[],"objects":[],"characters":[2,1],"vehicles":[],"interiors":[],"accounts":[],"content":" foi morto por Murilo Estrela (Deagle)","factions":[]}
{"action":39,"origin":"ch1","date":"2021-09-13T22:10:18","phones":[],"objects":[],"characters":[1],"vehicles":[],"interiors":[],"accounts":[],"content":"Murilo_Estrela -> ~World #55 - Cartucho - .45 casing @ (1942.1666, -1709.8312, 12.382813) in (int 0, dim 0)","factions":[]}
{"action":4,"origin":"ch1","date":"2021-09-13T22:10:20","phones":[],"objects":[],"characters":[2],"vehicles":[],"interiors":[],"accounts":[],"content":"REVIVED from PK","factions":[]}
{"action":40,"origin":"ch2","date":"2021-09-13T22:11:20","phones":[],"objects":[],"characters":[2,1],"vehicles":[],"interiors":[],"accounts":[],"content":"Eeee Eeeee tem a cabeça estourada.","factions":[]}
{"action":34,"origin":"ch2","date":"2021-09-13T22:11:20","phones":[],"objects":[],"characters":[2,1],"vehicles":[],"interiors":[],"accounts":[],"content":" foi morto por Murilo Estrela (Deagle)","factions":[]}
{"action":39,"origin":"ch1","date":"2021-09-13T22:11:21","phones":[],"objects":[],"characters":[1],"vehicles":[],"interiors":[],"accounts":[],"content":"Murilo_Estrela -> ~World #56 - Cartucho - .45 casing @ (1941.9977, -1709.7985, 12.382813) in (int 0, dim 0)","factions":[]}
{"action":4,"origin":"ch1","date":"2021-09-13T22:11:44","phones":[],"objects":[],"characters":[2],"vehicles":[],"interiors":[],"accounts":[],"content":"REVIVED from PK","factions":[]}
{"action":13,"origin":"ch1","date":"2021-09-13T22:18:13","phones":[],"objects":[],"characters":[2,1],"vehicles":[],"interiors":[],"accounts":[],"content":"Você ouve uma série de altos tiros de pistola ecoando pela vizinhança","factions":[]}
{"action":40,"origin":"ch2","date":"2021-09-13T22:18:13","phones":[],"objects":[],"characters":[2,1],"vehicles":[],"interiors":[],"accounts":[],"content":"Eeee Eeeee tem a cabeça estourada.","factions":[]}
{"action":34,"origin":"ch2","date":"2021-09-13T22:18:13","phones":[],"objects":[],"characters":[2,1],"vehicles":[],"interiors":[],"accounts":[],"content":" foi morto por Murilo Estrela (Deagle)","factions":[]}
{"action":39,"origin":"ch1","date":"2021-09-13T22:18:14","phones":[],"objects":[],"characters":[1],"vehicles":[],"interiors":[],"accounts":[],"content":"Murilo_Estrela -> ~World #57 - Cartucho - .45 casing @ (1942.0302, -1709.9077, 12.382813) in (int 0, dim 0)","factions":[]}
{"action":40,"origin":"ch1","date":"2021-09-13T22:18:24","phones":[],"objects":[],"characters":[2,1],"vehicles":[],"interiors":[],"accounts":[],"content":"Murilo Estrela recarrega sua Desert Eagle Pistol.","factions":[]}
{"action":4,"origin":"ch1","date":"2021-09-13T22:18:36","phones":[],"objects":[],"characters":[2],"vehicles":[],"interiors":[],"accounts":[],"content":"REVIVED from PK","factions":[]}
{"action":40,"origin":"ch2","date":"2021-09-13T22:21:03","phones":[],"objects":[],"characters":[2,1],"vehicles":[],"interiors":[],"accounts":[],"content":"Eeee Eeeee tem a cabeça estourada.","factions":[]}
{"action":34,"origin":"ch2","date":"2021-09-13T22:21:03","phones":[],"objects":[],"characters":[2,1],"vehicles":[],"interiors":[],"accounts":[],"content":" foi morto por Murilo Estrela (Deagle)","factions":[]}
{"action":39,"origin":"ch1","date":"2021-09-13T22:21:04","phones":[],"objects":[],"characters":[1],"vehicles":[],"interiors":[],"accounts":[],"content":"Murilo_Estrela -> ~World #58 - Cartucho - .45 casing @ (1942.5902, -1710.3091, 12.382813) in (int 0, dim 0)","factions":[]}
{"action":39,"origin":"ch1","date":"2021-09-13T22:21:06","phones":[],"objects":[55],"characters":[],"vehicles":[],"interiors":[],"accounts":[],"content":"~World #55 @ (1942.1666259766, -1709.8311767578, 12.382813453674) in (int 0, dim 0) ->Murilo_Estrela - Cartucho - .45 casing","factions":[]}
{"action":40,"origin":"ch1","date":"2021-09-13T22:21:06","phones":[],"objects":[],"characters":[2,1],"vehicles":[],"interiors":[],"accounts":[],"content":"Murilo Estrela se inclina e pega a Cartucho.","factions":[]}
{"action":39,"origin":"ch1","date":"2021-09-13T22:21:06","phones":[],"objects":[57],"characters":[],"vehicles":[],"interiors":[],"accounts":[],"content":"~World #57 @ (1942.0301513672, -1709.9077148438, 12.382813453674) in (int 0, dim 0) ->Murilo_Estrela - Cartucho - .45 casing","factions":[]}
{"action":40,"origin":"ch1","date":"2021-09-13T22:21:06","phones":[],"objects":[],"characters":[2,1],"vehicles":[],"interiors":[],"accounts":[],"content":"Murilo Estrela se inclina e pega a Cartucho.","factions":[]}
{"action":39,"origin":"ch1","date":"2021-09-13T22:21:06","phones":[],"objects":[56],"characters":[],"vehicles":[],"interiors":[],"accounts":[],"content":"~World #56 @ (1941.9976806641, -1709.7984619141, 12.382813453674) in (int 0, dim 0) ->Murilo_Estrela - Cartucho - .45 casing","factions":[]}
{"action":40,"origin":"ch1","date":"2021-09-13T22:21:06","phones":[],"objects":[],"characters":[2,1],"vehicles":[],"interiors":[],"accounts":[],"content":"Murilo Estrela se inclina e pega a Cartucho.","factions":[]}
{"action":4,"origin":"ch1","date":"2021-09-13T22:21:51","phones":[],"objects":[],"characters":[2],"vehicles":[],"interiors":[],"accounts":[],"content":"REVIVED from PK","factions":[]}
{"action":13,"origin":"ch1","date":"2021-09-13T22:24:51","phones":[],"objects":[],"characters":[2,1],"vehicles":[],"interiors":[],"accounts":[],"content":"Você ouve uma série de altos tiros de pistola ecoando pela vizinhança","factions":[]}
{"action":40,"origin":"ch2","date":"2021-09-13T22:24:51","phones":[],"objects":[],"characters":[2,1],"vehicles":[],"interiors":[],"accounts":[],"content":"Eeee Eeeee tem a cabeça estourada.","factions":[]}
{"action":34,"origin":"ch2","date":"2021-09-13T22:24:51","phones":[],"objects":[],"characters":[2,1],"vehicles":[],"interiors":[],"accounts":[],"content":" foi morto por Murilo Estrela (Deagle)","factions":[]}
{"action":39,"origin":"ch1","date":"2021-09-13T22:24:52","phones":[],"objects":[],"characters":[1],"vehicles":[],"interiors":[],"accounts":[],"content":"Murilo_Estrela -> ~World #59 - Cartucho - .45 casing @ (1937.0215, -1711.4614, 12.382813) in (int 0, dim 0)","factions":[]}
{"action":4,"origin":"ch1","date":"2021-09-13T22:25:08","phones":[],"objects":[],"characters":[2],"vehicles":[],"interiors":[],"accounts":[],"content":"REVIVED from PK","factions":[]}
{"action":27,"origin":"ac2","date":"2021-09-13T22:25:11","phones":[],"objects":[],"characters":[1],"vehicles":[],"interiors":[],"accounts":[2],"content":"Disconnected (Quit) (Name: Murilo_Estrela)","factions":[]}
{"action":27,"origin":"ac4","date":"2021-09-13T22:25:16","phones":[],"objects":[],"characters":[2],"vehicles":[],"interiors":[],"accounts":[4],"content":"Disconnected (Quit) (Name: Eeee_Eeeee)","factions":[]}
