{"action":27,"origin":"ac2","date":"2021-08-28T10:31:24","phones":[],"objects":[],"characters":[],"vehicles":[],"interiors":[],"accounts":[2],"content":"Connected from 26.87.215.141 - 16090D8A566E2A3701337D29DF656753","factions":[]}
{"action":27,"origin":"ac2","date":"2021-08-28T10:31:35","phones":[],"objects":[],"characters":[1],"vehicles":[],"interiors":[],"accounts":[2],"content":"Spawned","factions":[]}
{"action":39,"origin":"ch1","date":"2021-08-28T10:32:13","phones":[],"objects":[],"characters":[1],"vehicles":[],"interiors":[],"accounts":[],"content":"Murilo_Estrela -> ~World #5 - Desert Eagle Pistol - 24:mp9ZN80rOvgBmH0tmub8:Desert Eagle Pistol:5 @ (1550.1689, -1689.8621, 5.21875) in (int 0, dim 0)","factions":[]}
{"action":40,"origin":"ch1","date":"2021-08-28T10:32:13","phones":[],"objects":[],"characters":[1],"vehicles":[],"interiors":[],"accounts":[],"content":"Murilo Estrela dropped a Desert Eagle Pistol.","factions":[]}
{"action":39,"origin":"ch1","date":"2021-08-28T10:32:39","phones":[],"objects":[5],"characters":[],"vehicles":[],"interiors":[],"accounts":[],"content":"~World #5 @ (1548.5516357422, -1688.4755859375, 4.9906249046326) in (int 0, dim 0) ->Murilo_Estrela - Weapon - 24:mp9ZN80rOvgBmH0tmub8:Desert Eagle Pistol:5","factions":[]}
{"action":40,"origin":"ch1","date":"2021-08-28T10:32:39","phones":[],"objects":[],"characters":[1],"vehicles":[],"interiors":[],"accounts":[],"content":"Murilo Estrela bends over and picks up a Desert Eagle Pistol.","factions":[]}
{"action":39,"origin":"ch1","date":"2021-08-28T10:32:43","phones":[],"objects":[],"characters":[1],"vehicles":[],"interiors":[],"accounts":[],"content":"Murilo_Estrela -> ~World #6 - Desert Eagle Pistol - 24:mp9ZN80rOvgBmH0tmub8:Desert Eagle Pistol:5 @ (1550.3461, -1689.6689, 5.21875) in (int 0, dim 0)","factions":[]}
{"action":40,"origin":"ch1","date":"2021-08-28T10:32:43","phones":[],"objects":[],"characters":[1],"vehicles":[],"interiors":[],"accounts":[],"content":"Murilo Estrela dropped a Desert Eagle Pistol.","factions":[]}
{"action":39,"origin":"ch1","date":"2021-08-28T10:32:55","phones":[],"objects":[6],"characters":[],"vehicles":[],"interiors":[],"accounts":[],"content":"~World #6 @ (1550.7081298828, -1689.7034912109, 5.3920831680298) in (int 0, dim 0) ->Murilo_Estrela - Weapon - 24:mp9ZN80rOvgBmH0tmub8:Desert Eagle Pistol:5","factions":[]}
{"action":40,"origin":"ch1","date":"2021-08-28T10:32:55","phones":[],"objects":[],"characters":[1],"vehicles":[],"interiors":[],"accounts":[],"content":"Murilo Estrela bends over and picks up a Desert Eagle Pistol.","factions":[]}
{"action":27,"origin":"ac2","date":"2021-08-28T10:33:10","phones":[],"objects":[],"characters":[0],"vehicles":[],"interiors":[],"accounts":[2],"content":"Went to character selection","factions":[]}
{"action":27,"origin":"ac2","date":"2021-08-28T10:33:16","phones":[],"objects":[],"characters":[1],"vehicles":[],"interiors":[],"accounts":[2],"content":"Spawned","factions":[]}
{"action":36,"origin":"ch1","date":"2021-08-28T10:33:54","phones":[],"objects":[],"characters":[1],"vehicles":[],"interiors":[],"accounts":[],"content":"bought WEAPON - 25:mp9ZN80rmv0B0Hg8mub8:Shotgun:0","factions":[]}
{"action":36,"origin":"ch1","date":"2021-08-28T10:33:58","phones":[],"objects":[],"characters":[1],"vehicles":[],"interiors":[],"accounts":[],"content":"bought AMMO - 5:20:mt9ZN80rOv0B0Hg8mub8","factions":[]}
{"action":27,"origin":"ac2","date":"2021-08-28T10:34:24","phones":[],"objects":[],"characters":[0],"vehicles":[],"interiors":[],"accounts":[2],"content":"Went to character selection","factions":[]}
{"action":27,"origin":"ac2","date":"2021-08-28T10:34:35","phones":[],"objects":[],"characters":[1],"vehicles":[],"interiors":[],"accounts":[2],"content":"Spawned","factions":[]}
{"action":40,"origin":"ch1","date":"2021-08-28T10:34:46","phones":[],"objects":[],"characters":[1],"vehicles":[],"interiors":[],"accounts":[],"content":"Murilo Estrela reloads his Desert Eagle Pistol.","factions":[]}
{"action":40,"origin":"ch1","date":"2021-08-28T10:34:51","phones":[],"objects":[],"characters":[1],"vehicles":[],"interiors":[],"accounts":[],"content":"Murilo Estrela reloads his Shotgun.","factions":[]}
{"action":39,"origin":"ch1","date":"2021-08-28T10:34:59","phones":[],"objects":[],"characters":[1],"vehicles":[],"interiors":[],"accounts":[],"content":"Murilo_Estrela -> ~World #7 - Shell Casing - 12 Gauge casing @ (1506.0452, -1709.7457, 13.046875) in (int 0, dim 0)","factions":[]}
{"action":4,"origin":"ch1","date":"2021-08-28T10:35:09","phones":[],"objects":[],"characters":[1],"vehicles":[],"interiors":[],"accounts":[],"content":"GIVEITEM Portable GPS 1","factions":[]}
{"action":13,"origin":"ch1","date":"2021-08-28T10:35:17","phones":[],"objects":[],"characters":[1],"vehicles":[],"interiors":[],"accounts":[],"content":"You'd hear a series of loud shotgun gunshots echoing throughout the vicinity","factions":[]}
{"action":39,"origin":"ch1","date":"2021-08-28T10:35:18","phones":[],"objects":[],"characters":[1],"vehicles":[],"interiors":[],"accounts":[],"content":"Murilo_Estrela -> ~World #8 - Shell Casing - 12 Gauge casing @ (1489.0248, -1715.598, 13.046875) in (int 0, dim 0)","factions":[]}
{"action":39,"origin":"ch1","date":"2021-08-28T10:35:19","phones":[],"objects":[],"characters":[1],"vehicles":[],"interiors":[],"accounts":[],"content":"Murilo_Estrela -> ~World #9 - Shell Casing - 12 Gauge casing @ (1486.2396, -1716.1605, 13.046875) in (int 0, dim 0)","factions":[]}
{"action":39,"origin":"ch1","date":"2021-08-28T10:35:21","phones":[],"objects":[],"characters":[1],"vehicles":[],"interiors":[],"accounts":[],"content":"Murilo_Estrela -> ~World #10 - Shell Casing - 12 Gauge casing @ (1486.4836, -1713.4519, 13.046875) in (int 0, dim 0)","factions":[]}
{"action":40,"origin":"ch1","date":"2021-08-28T10:35:21","phones":[],"objects":[],"characters":[1],"vehicles":[],"interiors":[],"accounts":[],"content":"Murilo Estrela reloads his Shotgun.","factions":[]}
{"action":4,"origin":"ch1","date":"2021-08-28T10:42:27","phones":[],"objects":[],"characters":[1],"vehicles":[],"interiors":[],"accounts":[],"content":"GIVEITEM Kevlar High End Body Armor (TYPE4) 1","factions":[]}
{"action":40,"origin":"ch1","date":"2021-08-28T10:42:32","phones":[],"objects":[],"characters":[1],"vehicles":[],"interiors":[],"accounts":[],"content":"Murilo Estrela reaches for their armored vest and puts it over their head.","factions":[]}
{"action":4,"origin":"ch1","date":"2021-08-28T10:43:58","phones":[],"objects":[],"characters":[1],"vehicles":[],"interiors":[],"accounts":[],"content":"GIVEITEM Full Face Helmet 1","factions":[]}
{"action":40,"origin":"ch1","date":"2021-08-28T10:44:00","phones":[],"objects":[],"characters":[1],"vehicles":[],"interiors":[],"accounts":[],"content":"Murilo Estrela puts a Full Face Helmet over their head.","factions":[]}
{"action":40,"origin":"ch1","date":"2021-08-28T10:44:01","phones":[],"objects":[],"characters":[1],"vehicles":[],"interiors":[],"accounts":[],"content":"Murilo Estrela takes a Full Face Helmet off their head.","factions":[]}
{"action":40,"origin":"ch1","date":"2021-08-28T10:44:02","phones":[],"objects":[],"characters":[1],"vehicles":[],"interiors":[],"accounts":[],"content":"Murilo Estrela puts a Full Face Helmet over their head.","factions":[]}
{"action":40,"origin":"ch1","date":"2021-08-28T10:45:51","phones":[],"objects":[],"characters":[1],"vehicles":[],"interiors":[],"accounts":[],"content":"Murilo Estrela looks at their Watch.","factions":[]}
{"action":40,"origin":"ch1","date":"2021-08-28T10:45:55","phones":[],"objects":[],"characters":[1],"vehicles":[],"interiors":[],"accounts":[],"content":"Murilo Estrela slips a mask over their face.","factions":[]}
{"action":40,"origin":"ch1","date":"2021-08-28T10:45:56","phones":[],"objects":[],"characters":[1],"vehicles":[],"interiors":[],"accounts":[],"content":"Murilo Estrela slips a mask off their face.","factions":[]}
{"action":40,"origin":"ch1","date":"2021-08-28T10:45:57","phones":[],"objects":[],"characters":[1],"vehicles":[],"interiors":[],"accounts":[],"content":"Murilo Estrela slips a mask over their face.","factions":[]}
{"action":40,"origin":"ch1","date":"2021-08-28T10:45:57","phones":[],"objects":[],"characters":[1],"vehicles":[],"interiors":[],"accounts":[],"content":"Murilo Estrela slips a mask off their face.","factions":[]}
{"action":40,"origin":"ch1","date":"2021-08-28T10:47:03","phones":[],"objects":[],"characters":[1],"vehicles":[],"interiors":[],"accounts":[],"content":"Murilo Estrela takes a Full Face Helmet off their head.","factions":[]}
{"action":40,"origin":"ch1","date":"2021-08-28T10:47:04","phones":[],"objects":[],"characters":[1],"vehicles":[],"interiors":[],"accounts":[],"content":"Murilo Estrela puts a Full Face Helmet over their head.","factions":[]}
{"action":40,"origin":"ch1","date":"2021-08-28T10:48:26","phones":[],"objects":[],"characters":[1],"vehicles":[],"interiors":[],"accounts":[],"content":"Murilo Estrela wraps a blue bandana around their head.","factions":[]}
{"action":40,"origin":"ch1","date":"2021-08-28T10:48:27","phones":[],"objects":[],"characters":[1],"vehicles":[],"interiors":[],"accounts":[],"content":"Murilo Estrela removes a blue bandana from their head.","factions":[]}
{"action":40,"origin":"ch1","date":"2021-08-28T10:48:39","phones":[],"objects":[],"characters":[1],"vehicles":[],"interiors":[],"accounts":[],"content":"Murilo Estrela changes their clothes.","factions":[]}
{"action":40,"origin":"ch1","date":"2021-08-28T10:48:44","phones":[],"objects":[],"characters":[1],"vehicles":[],"interiors":[],"accounts":[],"content":"Murilo Estrela changes their clothes.","factions":[]}
{"action":40,"origin":"ch1","date":"2021-08-28T10:48:46","phones":[],"objects":[],"characters":[1],"vehicles":[],"interiors":[],"accounts":[],"content":"Murilo Estrela changes their clothes.","factions":[]}
{"action":40,"origin":"ch1","date":"2021-08-28T10:48:49","phones":[],"objects":[],"characters":[1],"vehicles":[],"interiors":[],"accounts":[],"content":"Murilo Estrela takes a Full Face Helmet off their head.","factions":[]}
{"action":40,"origin":"ch1","date":"2021-08-28T10:48:50","phones":[],"objects":[],"characters":[1],"vehicles":[],"interiors":[],"accounts":[],"content":"Murilo Estrela wraps a blue bandana around their head.","factions":[]}
{"action":40,"origin":"ch1","date":"2021-08-28T10:48:51","phones":[],"objects":[],"characters":[1],"vehicles":[],"interiors":[],"accounts":[],"content":"Murilo Estrela removes a blue bandana from their head.","factions":[]}
{"action":40,"origin":"ch1","date":"2021-08-28T10:48:52","phones":[],"objects":[],"characters":[1],"vehicles":[],"interiors":[],"accounts":[],"content":"Murilo Estrela wraps a blue bandana around their head.","factions":[]}
{"action":40,"origin":"ch1","date":"2021-08-28T10:48:53","phones":[],"objects":[],"characters":[1],"vehicles":[],"interiors":[],"accounts":[],"content":"Murilo Estrela removes a blue bandana from their head.","factions":[]}
{"action":40,"origin":"ch1","date":"2021-08-28T10:48:53","phones":[],"objects":[],"characters":[1],"vehicles":[],"interiors":[],"accounts":[],"content":"Murilo Estrela wraps a blue bandana around their head.","factions":[]}
{"action":4,"origin":"ch1","date":"2021-08-28T10:49:56","phones":[],"objects":[],"characters":[],"vehicles":[],"interiors":[],"accounts":[],"content":"MAKE FACTION","factions":[1]}
{"action":4,"origin":"ch1","date":"2021-08-28T10:50:18","phones":[],"objects":[],"characters":[1],"vehicles":[],"interiors":[],"accounts":[],"content":"SET INTO FACTION LEADER","factions":[1]}
{"action":35,"origin":"ch1","date":"2021-08-28T10:52:18","phones":[],"objects":[],"characters":[],"vehicles":[],"interiors":[],"accounts":[],"content":"Added location, Name:TESTE Database ID:1 x:1564.6755 y:-1619.4572 z:13.546875 radius:1 interior:0 dimension:0","factions":[1]}
{"action":27,"origin":"ac2","date":"2021-08-28T10:53:22","phones":[],"objects":[],"characters":[1],"vehicles":[],"interiors":[],"accounts":[2],"content":"Disconnected (Quit) (Name: Murilo_Estrela)","factions":[]}
{"action":27,"origin":"ac2","date":"2021-08-28T14:48:11","phones":[],"objects":[],"characters":[],"vehicles":[],"interiors":[],"accounts":[2],"content":"Connected from 26.87.215.141 - 16090D8A566E2A3701337D29DF656753","factions":[]}
{"action":27,"origin":"ac2","date":"2021-08-28T14:48:22","phones":[],"objects":[],"characters":[1],"vehicles":[],"interiors":[],"accounts":[2],"content":"Spawned","factions":[]}
{"action":27,"origin":"ac2","date":"2021-08-28T14:56:26","phones":[],"objects":[],"characters":[1],"vehicles":[],"interiors":[],"accounts":[2],"content":"Disconnected (Quit) (Name: Murilo_Estrela)","factions":[]}
{"action":27,"origin":"ac2","date":"2021-08-28T14:56:44","phones":[],"objects":[],"characters":[],"vehicles":[],"interiors":[],"accounts":[2],"content":"Connected from 26.87.215.141 - 16090D8A566E2A3701337D29DF656753","factions":[]}
{"action":27,"origin":"ac2","date":"2021-08-28T14:56:55","phones":[],"objects":[],"characters":[1],"vehicles":[],"interiors":[],"accounts":[2],"content":"Spawned","factions":[]}
{"action":4,"origin":"ch1","date":"2021-08-28T14:57:32","phones":[],"objects":[],"characters":[1],"vehicles":[],"interiors":[],"accounts":[],"content":"GIVEITEM LSPD Badge TESTE","factions":[]}
{"action":40,"origin":"ch1","date":"2021-08-28T14:57:40","phones":[],"objects":[],"characters":[1],"vehicles":[],"interiors":[],"accounts":[],"content":"Murilo Estrela puts on a LSPD badge.","factions":[]}
{"action":40,"origin":"ch1","date":"2021-08-28T14:57:42","phones":[],"objects":[],"characters":[1],"vehicles":[],"interiors":[],"accounts":[],"content":"Murilo Estrela removes a LSPD badge.","factions":[]}
{"action":40,"origin":"ch1","date":"2021-08-28T14:57:43","phones":[],"objects":[],"characters":[1],"vehicles":[],"interiors":[],"accounts":[],"content":"Murilo Estrela puts on a LSPD badge.","factions":[]}
{"action":40,"origin":"ch1","date":"2021-08-28T14:57:46","phones":[],"objects":[],"characters":[1],"vehicles":[],"interiors":[],"accounts":[],"content":"Murilo Estrela removes a LSPD badge.","factions":[]}
{"action":40,"origin":"ch1","date":"2021-08-28T14:57:47","phones":[],"objects":[],"characters":[1],"vehicles":[],"interiors":[],"accounts":[],"content":"Murilo Estrela puts on a LSPD badge.","factions":[]}
{"action":27,"origin":"ac2","date":"2021-08-28T15:01:29","phones":[],"objects":[],"characters":[1],"vehicles":[],"interiors":[],"accounts":[2],"content":"Disconnected (Quit) (Name: Murilo_Estrela)","factions":[]}
{"action":27,"origin":"ac2","date":"2021-08-28T15:03:25","phones":[],"objects":[],"characters":[],"vehicles":[],"interiors":[],"accounts":[2],"content":"Connected from 26.87.215.141 - 16090D8A566E2A3701337D29DF656753","factions":[]}
{"action":27,"origin":"ac2","date":"2021-08-28T15:03:33","phones":[],"objects":[],"characters":[1],"vehicles":[],"interiors":[],"accounts":[2],"content":"Spawned","factions":[]}
{"action":39,"origin":"ch1","date":"2021-08-28T15:07:02","phones":[],"objects":[],"characters":[1],"vehicles":[],"interiors":[],"accounts":[],"content":"Murilo_Estrela -> ~World #11 - Shell Casing - .45 casing @ (1511.9087, -1678.4513, 13.046875) in (int 0, dim 0)","factions":[]}
{"action":13,"origin":"ch1","date":"2021-08-28T15:07:05","phones":[],"objects":[],"characters":[1],"vehicles":[],"interiors":[],"accounts":[],"content":"You'd hear a series of loud pistol gunshots echoing throughout the vicinity","factions":[]}
{"action":39,"origin":"ch1","date":"2021-08-28T15:07:06","phones":[],"objects":[],"characters":[1],"vehicles":[],"interiors":[],"accounts":[],"content":"Murilo_Estrela -> ~World #12 - Shell Casing - .45 casing @ (1517.2025, -1695.7576, 12.796875) in (int 0, dim 0)","factions":[]}
{"action":39,"origin":"ch1","date":"2021-08-28T15:07:08","phones":[],"objects":[],"characters":[1],"vehicles":[],"interiors":[],"accounts":[],"content":"Murilo_Estrela -> ~World #13 - Shell Casing - .45 casing @ (1515.181, -1701.7113, 13.046875) in (int 0, dim 0)","factions":[]}
{"action":7,"origin":"ch1","date":"2021-08-28T15:07:10","phones":[],"objects":[],"characters":[1],"vehicles":[],"interiors":[],"accounts":[],"content":"English: Dwadaw","factions":[]}
{"action":37,"origin":"ch1","date":"2021-08-28T15:08:47","phones":[],"objects":[],"characters":[],"vehicles":[],"interiors":[1],"accounts":[],"content":"ADDINTERIOR T:2 I:62 C:0","factions":[]}
{"action":31,"origin":"ch1","date":"2021-08-28T15:09:01","phones":[],"objects":[],"characters":[],"vehicles":[],"interiors":[1],"accounts":[],"content":"LOCK INTERIOR","factions":[]}
{"action":31,"origin":"ch1","date":"2021-08-28T15:09:03","phones":[],"objects":[],"characters":[],"vehicles":[],"interiors":[1],"accounts":[],"content":"UNLOCK INTERIOR","factions":[]}
{"action":31,"origin":"ch1","date":"2021-08-28T15:09:18","phones":[],"objects":[],"characters":[1],"vehicles":[],"interiors":[1],"accounts":[],"content":"ENTERED","factions":[]}
{"action":31,"origin":"ch1","date":"2021-08-28T15:09:22","phones":[],"objects":[],"characters":[1],"vehicles":[],"interiors":[1],"accounts":[],"content":"EXITED","factions":[]}
{"action":37,"origin":"ch1","date":"2021-08-28T15:10:46","phones":[],"objects":[],"characters":[],"vehicles":[],"interiors":[2],"accounts":[],"content":"ADDINTERIOR T:0 I:132 C:10","factions":[]}
{"action":37,"origin":"ch1","date":"2021-08-28T15:11:14","phones":[],"objects":[],"characters":[],"vehicles":[],"interiors":[2],"accounts":[],"content":"BUYPROPERTY TOKEN USED","factions":[]}
{"action":31,"origin":"ch1","date":"2021-08-28T15:11:38","phones":[],"objects":[],"characters":[1],"vehicles":[],"interiors":[2],"accounts":[],"content":"ENTERED","factions":[]}
{"action":4,"origin":"ch1","date":"2021-08-28T15:12:16","phones":[],"objects":[],"characters":[1],"vehicles":[],"interiors":[],"accounts":[],"content":"GIVEITEM Safe 1","factions":[]}
{"action":40,"origin":"ch1","date":"2021-08-28T15:17:30","phones":[],"objects":[],"characters":[1],"vehicles":[],"interiors":[],"accounts":[],"content":"Murilo Estrela puts the key in the door to lock it.","factions":[]}
{"action":31,"origin":"ch1","date":"2021-08-28T15:17:30","phones":[],"objects":[],"characters":[],"vehicles":[],"interiors":[2],"accounts":[],"content":"LOCK INTERIOR","factions":[]}
{"action":40,"origin":"ch1","date":"2021-08-28T15:17:33","phones":[],"objects":[],"characters":[1],"vehicles":[],"interiors":[],"accounts":[],"content":"Murilo Estrela puts the key in the door to unlock it.","factions":[]}
{"action":31,"origin":"ch1","date":"2021-08-28T15:17:33","phones":[],"objects":[],"characters":[],"vehicles":[],"interiors":[2],"accounts":[],"content":"UNLOCK INTERIOR","factions":[]}
{"action":31,"origin":"ch1","date":"2021-08-28T15:17:34","phones":[],"objects":[],"characters":[1],"vehicles":[],"interiors":[2],"accounts":[],"content":"EXITED","factions":[]}
{"action":40,"origin":"ch1","date":"2021-08-28T15:17:36","phones":[],"objects":[],"characters":[1],"vehicles":[],"interiors":[],"accounts":[],"content":"Murilo Estrela puts the key in the door to lock it.","factions":[]}
{"action":31,"origin":"ch1","date":"2021-08-28T15:17:36","phones":[],"objects":[],"characters":[],"vehicles":[],"interiors":[2],"accounts":[],"content":"LOCK INTERIOR","factions":[]}
{"action":40,"origin":"ch1","date":"2021-08-28T15:18:28","phones":[],"objects":[],"characters":[1],"vehicles":[],"interiors":[],"accounts":[],"content":"Murilo Estrela takes out his Cellphone.","factions":[]}
{"action":40,"origin":"ch1","date":"2021-08-28T15:18:30","phones":[],"objects":[],"characters":[1],"vehicles":[],"interiors":[],"accounts":[],"content":"Murilo Estrela puts down his Cellphone.","factions":[]}
{"action":40,"origin":"ch1","date":"2021-08-28T15:18:39","phones":[],"objects":[],"characters":[1],"vehicles":[],"interiors":[],"accounts":[],"content":"Murilo Estrela destroyed a Cellphone.","factions":[]}
{"action":40,"origin":"ch1","date":"2021-08-28T15:18:45","phones":[],"objects":[],"characters":[1],"vehicles":[],"interiors":[],"accounts":[],"content":"Murilo Estrela takes out his Cellphone.","factions":[]}
{"action":30,"origin":"ch1","date":"2021-08-28T15:18:52","phones":[634733,348528],"objects":[],"characters":[1,1],"vehicles":[],"interiors":[],"accounts":[],"content":"eae ","factions":[]}
{"action":40,"origin":"ch1","date":"2021-08-28T15:18:52","phones":[],"objects":[],"characters":[1],"vehicles":[],"interiors":[],"accounts":[],"content":"Murilo Estrela's cellphone starts to ring.","factions":[]}
{"action":40,"origin":"ch1","date":"2021-08-28T15:18:57","phones":[],"objects":[],"characters":[1],"vehicles":[],"interiors":[],"accounts":[],"content":"Murilo Estrela puts down his Cellphone.","factions":[]}
{"action":40,"origin":"ch1","date":"2021-08-28T15:19:02","phones":[],"objects":[],"characters":[1],"vehicles":[],"interiors":[],"accounts":[],"content":"Murilo Estrela takes out his Cellphone.","factions":[]}
{"action":30,"origin":"ch1","date":"2021-08-28T15:19:08","phones":[348528,634733],"objects":[],"characters":[1,1],"vehicles":[],"interiors":[],"accounts":[],"content":"pode falar ","factions":[]}
{"action":40,"origin":"ch1","date":"2021-08-28T15:19:08","phones":[],"objects":[],"characters":[1],"vehicles":[],"interiors":[],"accounts":[],"content":"Murilo Estrela's cellphone starts to ring.","factions":[]}
{"action":40,"origin":"ch1","date":"2021-08-28T15:19:10","phones":[],"objects":[],"characters":[1],"vehicles":[],"interiors":[],"accounts":[],"content":"Murilo Estrela puts down his Cellphone.","factions":[]}
{"action":40,"origin":"ch1","date":"2021-08-28T15:19:12","phones":[],"objects":[],"characters":[1],"vehicles":[],"interiors":[],"accounts":[],"content":"Murilo Estrela takes out his Cellphone.","factions":[]}
{"action":40,"origin":"ch1","date":"2021-08-28T15:19:18","phones":[],"objects":[],"characters":[1],"vehicles":[],"interiors":[],"accounts":[],"content":"Murilo Estrela puts down his Cellphone.","factions":[]}
{"action":40,"origin":"ch1","date":"2021-08-28T15:19:23","phones":[],"objects":[],"characters":[1],"vehicles":[],"interiors":[],"accounts":[],"content":"Murilo Estrela puts the key in the door to unlock it.","factions":[]}
{"action":31,"origin":"ch1","date":"2021-08-28T15:19:23","phones":[],"objects":[],"characters":[],"vehicles":[],"interiors":[2],"accounts":[],"content":"UNLOCK INTERIOR","factions":[]}
{"action":31,"origin":"ch1","date":"2021-08-28T15:19:23","phones":[],"objects":[],"characters":[1],"vehicles":[],"interiors":[2],"accounts":[],"content":"ENTERED","factions":[]}
{"action":40,"origin":"ch1","date":"2021-08-28T15:19:25","phones":[],"objects":[],"characters":[1],"vehicles":[],"interiors":[],"accounts":[],"content":"Murilo Estrela puts the key in the door to lock it.","factions":[]}
{"action":31,"origin":"ch1","date":"2021-08-28T15:19:25","phones":[],"objects":[],"characters":[],"vehicles":[],"interiors":[2],"accounts":[],"content":"LOCK INTERIOR","factions":[]}
{"action":39,"origin":"ch1","date":"2021-08-28T15:19:35","phones":[],"objects":[],"characters":[1],"vehicles":[],"interiors":[],"accounts":[],"content":"Murilo_Estrela -> ~World #14 - Safe - Safe:2332:50 @ (355.70868, 1415.36, 1080.3281) in (int 15, dim 2)","factions":[]}
{"action":40,"origin":"ch1","date":"2021-08-28T15:19:35","phones":[],"objects":[],"characters":[1],"vehicles":[],"interiors":[],"accounts":[],"content":"Murilo Estrela dropped a Safe.","factions":[]}
{"action":39,"origin":"ch1","date":"2021-08-28T15:20:42","phones":[],"objects":[],"characters":[1],"vehicles":[],"interiors":[],"accounts":[],"content":"Murilo_Estrela -> ~World #15 - Shotgun - 25:mp9ZN80rmv0B0Hg8mub8:Shotgun:10 @ (358.56107, 1414.0524, 1080.3356) in (int 15, dim 2)","factions":[]}
{"action":40,"origin":"ch1","date":"2021-08-28T15:20:42","phones":[],"objects":[],"characters":[1],"vehicles":[],"interiors":[],"accounts":[],"content":"Murilo Estrela dropped a Shotgun.","factions":[]}
{"action":39,"origin":"ch1","date":"2021-08-28T15:21:18","phones":[],"objects":[],"characters":[1],"vehicles":[],"interiors":[],"accounts":[],"content":"Murilo_Estrela -> ~World #16 - 12 Gauge Ammopack - 5:6:mt9ZN80rOv0B0Hg8mub8 @ (358.57504, 1413.1735, 1081.5283) in (int 15, dim 2)","factions":[]}
{"action":40,"origin":"ch1","date":"2021-08-28T15:21:18","phones":[],"objects":[],"characters":[1],"vehicles":[],"interiors":[],"accounts":[],"content":"Murilo Estrela dropped a 12 Gauge Ammopack.","factions":[]}
{"action":39,"origin":"ch1","date":"2021-08-28T15:21:41","phones":[],"objects":[],"characters":[1],"vehicles":[],"interiors":[],"accounts":[],"content":"Murilo_Estrela -> ~World #17 - Desert Eagle Pistol - 24:mp9ZN80rOvgBmH0tmub8:Desert Eagle Pistol:4 @ (358.08701, 1413.1708, 1081.5283) in (int 15, dim 2)","factions":[]}
{"action":40,"origin":"ch1","date":"2021-08-28T15:21:41","phones":[],"objects":[],"characters":[1],"vehicles":[],"interiors":[],"accounts":[],"content":"Murilo Estrela dropped a Desert Eagle Pistol.","factions":[]}
{"action":39,"origin":"ch1","date":"2021-08-28T15:21:43","phones":[],"objects":[],"characters":[1],"vehicles":[],"interiors":[],"accounts":[],"content":"Murilo_Estrela -> ~World #18 - .45 ACP Ammopack - 4:11:OF9ZN80rmv5BmH0tmub8 @ (358.37213, 1413.1489, 1081.5283) in (int 15, dim 2)","factions":[]}
{"action":40,"origin":"ch1","date":"2021-08-28T15:21:43","phones":[],"objects":[],"characters":[1],"vehicles":[],"interiors":[],"accounts":[],"content":"Murilo Estrela dropped a .45 ACP Ammopack.","factions":[]}
{"action":39,"origin":"ch1","date":"2021-08-28T15:22:05","phones":[],"objects":[18],"characters":[],"vehicles":[],"interiors":[],"accounts":[],"content":"~World #18 @ (357.82620239258, 1412.7995605469, 1081.6148681641) in (int 15, dim 2) ->Murilo_Estrela - Ammopack - 4:11:OF9ZN80rmv5BmH0tmub8","factions":[]}
{"action":40,"origin":"ch1","date":"2021-08-28T15:22:05","phones":[],"objects":[],"characters":[1],"vehicles":[],"interiors":[],"accounts":[],"content":"Murilo Estrela bends over and picks up a .45 ACP Ammopack.","factions":[]}
{"action":39,"origin":"ch1","date":"2021-08-28T15:22:10","phones":[],"objects":[],"characters":[1],"vehicles":[],"interiors":[],"accounts":[],"content":"Murilo_Estrela -> ~World #19 - .45 ACP Ammopack - 4:11:OF9ZN80rmv5BmH0tmub8 @ (358.02045, 1412.8947, 1081.5283) in (int 15, dim 2)","factions":[]}
{"action":40,"origin":"ch1","date":"2021-08-28T15:22:10","phones":[],"objects":[],"characters":[1],"vehicles":[],"interiors":[],"accounts":[],"content":"Murilo Estrela dropped a .45 ACP Ammopack.","factions":[]}
{"action":26,"origin":"ch1","date":"2021-08-28T15:25:46","phones":[],"objects":[],"characters":[1],"vehicles":[],"interiors":[],"accounts":[],"content":"Purchase logs: Customized country flags typing icon - Cost: -150 GCs","factions":[]}
{"action":26,"origin":"ch1","date":"2021-08-28T15:26:12","phones":[],"objects":[],"characters":[1],"vehicles":[],"interiors":[],"accounts":[],"content":"Purchase logs: + $75 dollar payrise on payday - Cost: -100 GCs","factions":[]}
{"action":40,"origin":"ch1","date":"2021-08-28T15:28:23","phones":[],"objects":[],"characters":[1],"vehicles":[],"interiors":[],"accounts":[],"content":"Murilo Estrela puts the key in the door to unlock it.","factions":[]}
{"action":31,"origin":"ch1","date":"2021-08-28T15:28:23","phones":[],"objects":[],"characters":[],"vehicles":[],"interiors":[2],"accounts":[],"content":"UNLOCK INTERIOR","factions":[]}
{"action":31,"origin":"ch1","date":"2021-08-28T15:28:24","phones":[],"objects":[],"characters":[1],"vehicles":[],"interiors":[2],"accounts":[],"content":"EXITED","factions":[]}
{"action":40,"origin":"ch1","date":"2021-08-28T15:28:25","phones":[],"objects":[],"characters":[1],"vehicles":[],"interiors":[],"accounts":[],"content":"Murilo Estrela puts the key in the door to lock it.","factions":[]}
{"action":31,"origin":"ch1","date":"2021-08-28T15:28:25","phones":[],"objects":[],"characters":[],"vehicles":[],"interiors":[2],"accounts":[],"content":"LOCK INTERIOR","factions":[]}
{"action":6,"origin":"ch1","date":"2021-08-28T15:28:42","phones":[],"objects":[],"characters":[],"vehicles":[1],"interiors":[],"accounts":[],"content":"gotocar","factions":[]}
{"action":6,"origin":"ch1","date":"2021-08-28T15:28:57","phones":[],"objects":[],"characters":[],"vehicles":[1],"interiors":[],"accounts":[],"content":"getveh","factions":[]}
{"action":6,"origin":"ch1","date":"2021-08-28T15:29:01","phones":[],"objects":[],"characters":[],"vehicles":[1],"interiors":[],"accounts":[],"content":"getveh","factions":[]}
{"action":6,"origin":"ch1","date":"2021-08-28T15:29:10","phones":[],"objects":[],"characters":[1],"vehicles":[1],"interiors":[],"accounts":[],"content":"FIXVEH","factions":[]}
{"action":31,"origin":"ch1","date":"2021-08-28T15:29:12","phones":[],"objects":[],"characters":[1],"vehicles":[1],"interiors":[],"accounts":[],"content":"STARTED ENGINE","factions":[]}
{"action":40,"origin":"ch1","date":"2021-08-28T15:29:35","phones":[],"objects":[],"characters":[1],"vehicles":[],"interiors":[],"accounts":[],"content":"Murilo Estrela rolls their windows down.","factions":[]}
{"action":40,"origin":"ch1","date":"2021-08-28T15:29:36","phones":[],"objects":[],"characters":[1],"vehicles":[],"interiors":[],"accounts":[],"content":"Murilo Estrela rolls their windows up.","factions":[]}
{"action":40,"origin":"ch1","date":"2021-08-28T15:29:55","phones":[],"objects":[],"characters":[1],"vehicles":[],"interiors":[],"accounts":[],"content":"Murilo Estrela rolls their windows down.","factions":[]}
{"action":40,"origin":"ch1","date":"2021-08-28T15:29:56","phones":[],"objects":[],"characters":[1],"vehicles":[],"interiors":[],"accounts":[],"content":"Murilo Estrela rolls their windows up.","factions":[]}
{"action":40,"origin":"ch1","date":"2021-08-28T15:30:02","phones":[],"objects":[],"characters":[1],"vehicles":[],"interiors":[],"accounts":[],"content":"Murilo Estrela locks the vehicle doors.","factions":[]}
{"action":31,"origin":"ch1","date":"2021-08-28T15:30:02","phones":[],"objects":[],"characters":[],"vehicles":[1],"interiors":[],"accounts":[],"content":"LOCK FROM INSIDE","factions":[]}
{"action":40,"origin":"ch1","date":"2021-08-28T15:30:03","phones":[],"objects":[],"characters":[1],"vehicles":[],"interiors":[],"accounts":[],"content":"Murilo Estrela unlocks the vehicle doors.","factions":[]}
{"action":31,"origin":"ch1","date":"2021-08-28T15:30:03","phones":[],"objects":[],"characters":[],"vehicles":[1],"interiors":[],"accounts":[],"content":"UNLOCK FROM INSIDE","factions":[]}
{"action":4,"origin":"ch1","date":"2021-08-28T15:30:13","phones":[],"objects":[],"characters":[1],"vehicles":[],"interiors":[],"accounts":[],"content":"GIVEITEM Vehicle Key (1111 11 1) 1","factions":[]}
{"action":40,"origin":"ch1","date":"2021-08-28T15:30:40","phones":[],"objects":[],"characters":[1],"vehicles":[],"interiors":[],"accounts":[],"content":"Murilo Estrela buckles in their seatbelt.","factions":[]}
{"action":40,"origin":"ch1","date":"2021-08-28T15:31:02","phones":[],"objects":[],"characters":[1],"vehicles":[],"interiors":[],"accounts":[],"content":"Murilo Estrela unbuckles their seatbelt.","factions":[]}
{"action":6,"origin":"ch1","date":"2021-08-28T15:31:02","phones":[],"objects":[],"characters":[],"vehicles":[1],"interiors":[],"accounts":[],"content":"PARK","factions":[]}
{"action":40,"origin":"ch1","date":"2021-08-28T15:31:06","phones":[],"objects":[],"characters":[1],"vehicles":[],"interiors":[],"accounts":[],"content":"Murilo Estrela presses on the key to lock the vehicle. ((1111 11 1))","factions":[]}
{"action":31,"origin":"ch1","date":"2021-08-28T15:31:06","phones":[],"objects":[],"characters":[],"vehicles":[1],"interiors":[],"accounts":[],"content":"LOCK FROM OUTSIDE","factions":[]}
{"action":4,"origin":"ch1","date":"2021-08-28T15:31:36","phones":[],"objects":[],"characters":[1],"vehicles":[],"interiors":[],"accounts":[],"content":"GIVEITEM Car Motive 1","factions":[]}
{"action":40,"origin":"ch1","date":"2021-08-28T15:31:41","phones":[],"objects":[],"characters":[1],"vehicles":[],"interiors":[],"accounts":[],"content":"Murilo Estrela destroyed a Vehicle Key (1111 11 1).","factions":[]}
{"action":40,"origin":"ch1","date":"2021-08-28T15:31:52","phones":[],"objects":[],"characters":[1],"vehicles":[],"interiors":[],"accounts":[],"content":"Murilo Estrela presses on the key to unlock the vehicle. ((1111 11 1))","factions":[]}
{"action":31,"origin":"ch1","date":"2021-08-28T15:31:52","phones":[],"objects":[],"characters":[],"vehicles":[1],"interiors":[],"accounts":[],"content":"UNLOCK FROM OUTSIDE","factions":[]}
{"action":40,"origin":"ch1","date":"2021-08-28T15:31:55","phones":[],"objects":[],"characters":[1],"vehicles":[],"interiors":[],"accounts":[],"content":"Murilo Estrela puts a Car Motive inside the 1111 11 1.","factions":[]}
{"action":39,"origin":"ch1","date":"2021-08-28T15:31:55","phones":[],"objects":[],"characters":[1],"vehicles":[],"interiors":[],"accounts":[],"content":"Murilo_Estrela->1111 11 1 #1 - Item ID: 179 - Car Motive @ (2014.724609375, -1707.5283203125, 13.274735450745) in (int 0, dim 0)","factions":[]}
{"action":4,"origin":"ch1","date":"2021-08-28T15:32:21","phones":[],"objects":[],"characters":[1],"vehicles":[],"interiors":[],"accounts":[],"content":"GIVEITEM Viozy Hidden Vehicle Tracker 315 Pro ((Undetectable)) 1","factions":[]}
{"action":40,"origin":"ch1","date":"2021-08-28T15:32:39","phones":[],"objects":[],"characters":[1],"vehicles":[],"interiors":[],"accounts":[],"content":"Murilo Estrela puts a Viozy Hidden Vehicle Tracker 315 Pro ((Undetectable)) inside the 1111 11 1.","factions":[]}
{"action":39,"origin":"ch1","date":"2021-08-28T15:32:39","phones":[],"objects":[],"characters":[1],"vehicles":[],"interiors":[],"accounts":[],"content":"Murilo_Estrela->1111 11 1 #1 - Item ID: 203 - Viozy Hidden Vehicle Tracker 315 Pro ((Undetectable)) @ (2014.724609375, -1707.5283203125, 13.274735450745) in (int 0, dim 0)","factions":[]}
{"action":40,"origin":"ch1","date":"2021-08-28T15:32:47","phones":[],"objects":[],"characters":[1],"vehicles":[],"interiors":[],"accounts":[],"content":"Murilo Estrela takes a Viozy Hidden Vehicle Tracker 315 Pro ((Undetectable)) from the 1111 11 1.","factions":[]}
{"action":39,"origin":"ch1","date":"2021-08-28T15:32:47","phones":[],"objects":[],"characters":[1],"vehicles":[],"interiors":[],"accounts":[],"content":"1111 11 1 #1->Murilo_Estrela - Viozy Hidden Vehicle Tracker 315 Pro ((Undetectable)) - 1","factions":[]}
{"action":4,"origin":"ch1","date":"2021-08-28T15:34:36","phones":[],"objects":[],"characters":[1],"vehicles":[],"interiors":[],"accounts":[],"content":"GIVEITEM Vehicle Tracker 1","factions":[]}
{"action":40,"origin":"ch1","date":"2021-08-28T15:34:43","phones":[],"objects":[],"characters":[1],"vehicles":[],"interiors":[],"accounts":[],"content":"Murilo Estrela puts a Vehicle Tracker inside the 1111 11 1.","factions":[]}
{"action":39,"origin":"ch1","date":"2021-08-28T15:34:43","phones":[],"objects":[],"characters":[1],"vehicles":[],"interiors":[],"accounts":[],"content":"Murilo_Estrela->1111 11 1 #1 - Item ID: 139 - Vehicle Tracker @ (2014.724609375, -1707.5283203125, 13.274735450745) in (int 0, dim 0)","factions":[]}
{"action":40,"origin":"ch1","date":"2021-08-28T15:34:45","phones":[],"objects":[],"characters":[1],"vehicles":[],"interiors":[],"accounts":[],"content":"Murilo Estrela takes a Vehicle Tracker from the 1111 11 1.","factions":[]}
{"action":39,"origin":"ch1","date":"2021-08-28T15:34:45","phones":[],"objects":[],"characters":[1],"vehicles":[],"interiors":[],"accounts":[],"content":"1111 11 1 #1->Murilo_Estrela - Vehicle Tracker - 1","factions":[]}
{"action":31,"origin":"ch1","date":"2021-08-28T15:35:02","phones":[],"objects":[],"characters":[],"vehicles":[1],"interiors":[],"accounts":[],"content":"REPAIR QUICK-SERVICE","factions":[]}
{"action":31,"origin":"ch1","date":"2021-08-28T15:35:07","phones":[],"objects":[],"characters":[],"vehicles":[1],"interiors":[],"accounts":[],"content":"REPAIR TIRESWAP","factions":[]}
{"action":6,"origin":"ch1","date":"2021-08-28T15:35:29","phones":[],"objects":[],"characters":[],"vehicles":[1],"interiors":[],"accounts":[],"content":"MODDING REPAINT [ [ 89, 110, 135, 245, 245, 245, 0, 0, 0, 0, 0, 0 ] ]","factions":[]}
{"action":4,"origin":"ch1","date":"2021-08-28T15:38:13","phones":[],"objects":[],"characters":[1],"vehicles":[],"interiors":[],"accounts":[],"content":"GIVEITEM Mobile Data Terminal 1","factions":[]}
{"action":40,"origin":"ch1","date":"2021-08-28T15:38:19","phones":[],"objects":[],"characters":[1],"vehicles":[],"interiors":[],"accounts":[],"content":"Murilo Estrela puts a Mobile Data Terminal inside the 1111 11 1.","factions":[]}
{"action":39,"origin":"ch1","date":"2021-08-28T15:38:19","phones":[],"objects":[],"characters":[1],"vehicles":[],"interiors":[],"accounts":[],"content":"Murilo_Estrela->1111 11 1 #1 - Item ID: 143 - Mobile Data Terminal @ (2014.724609375, -1707.5283203125, 13.274735450745) in (int 0, dim 0)","factions":[]}
{"action":6,"origin":"ch1","date":"2021-08-28T15:38:53","phones":[],"objects":[],"characters":[],"vehicles":[1],"interiors":[],"accounts":[],"content":"PARK","factions":[]}
{"action":40,"origin":"ch1","date":"2021-08-28T15:38:54","phones":[],"objects":[],"characters":[1],"vehicles":[],"interiors":[],"accounts":[],"content":"Murilo Estrela takes a Mobile Data Terminal from the 1111 11 1.","factions":[]}
{"action":39,"origin":"ch1","date":"2021-08-28T15:38:54","phones":[],"objects":[],"characters":[1],"vehicles":[],"interiors":[],"accounts":[],"content":"1111 11 1 #1->Murilo_Estrela - Mobile Data Terminal - 1","factions":[]}
{"action":40,"origin":"ch1","date":"2021-08-28T15:39:01","phones":[],"objects":[],"characters":[1],"vehicles":[],"interiors":[],"accounts":[],"content":"Murilo Estrela puts a Mobile Data Terminal inside the 1111 11 1.","factions":[]}
{"action":39,"origin":"ch1","date":"2021-08-28T15:39:01","phones":[],"objects":[],"characters":[1],"vehicles":[],"interiors":[],"accounts":[],"content":"Murilo_Estrela->1111 11 1 #1 - Item ID: 143 - Mobile Data Terminal @ (2014.7265625, -1707.5263671875, 13.27681350708) in (int 0, dim 0)","factions":[]}
{"action":31,"origin":"ch1","date":"2021-08-28T15:39:14","phones":[],"objects":[],"characters":[1],"vehicles":[1],"interiors":[],"accounts":[],"content":"STARTED ENGINE","factions":[]}
{"action":6,"origin":"ch1","date":"2021-08-28T15:39:40","phones":[],"objects":[],"characters":[],"vehicles":[1],"interiors":[],"accounts":[],"content":"PARK","factions":[]}
{"action":35,"origin":"ch1","date":"2021-08-28T15:39:51","phones":[],"objects":[],"characters":[],"vehicles":[],"interiors":[],"accounts":[],"content":"Revised location ID #1 x:1535.9581 y:-1659.4376 z:13.546875 radius:10 interior:0 dimension:0","factions":[1]}
{"action":35,"origin":"ch1","date":"2021-08-28T15:40:35","phones":[],"objects":[],"characters":[],"vehicles":[],"interiors":[],"accounts":[],"content":"Added duty TESTE Database ID #1","factions":[1]}
{"action":27,"origin":"ac2","date":"2021-08-28T15:47:24","phones":[],"objects":[],"characters":[1],"vehicles":[],"interiors":[],"accounts":[2],"content":"Disconnected (Quit) (Name: Murilo_Estrela)","factions":[]}
