{"action":27,"origin":"ac2","date":"2021-09-07T09:41:33","phones":[],"objects":[],"characters":[],"vehicles":[],"interiors":[],"accounts":[2],"content":"Connected from 26.87.215.141 - 16090D8A566E2A3701337D29DF656753","factions":[]}
{"action":27,"origin":"ac2","date":"2021-09-07T09:44:18","phones":[],"objects":[],"characters":[],"vehicles":[],"interiors":[],"accounts":[2],"content":"Connected from 26.87.215.141 - 16090D8A566E2A3701337D29DF656753","factions":[]}
{"action":27,"origin":"ac2","date":"2021-09-07T09:49:27","phones":[],"objects":[],"characters":[],"vehicles":[],"interiors":[],"accounts":[2],"content":"Connected from 26.87.215.141 - 16090D8A566E2A3701337D29DF656753","factions":[]}
{"action":27,"origin":"ac2","date":"2021-09-07T09:51:02","phones":[],"objects":[],"characters":[],"vehicles":[],"interiors":[],"accounts":[2],"content":"Connected from 26.87.215.141 - 16090D8A566E2A3701337D29DF656753","factions":[]}
{"action":27,"origin":"ac2","date":"2021-09-07T09:51:39","phones":[],"objects":[],"characters":[],"vehicles":[],"interiors":[],"accounts":[2],"content":"Connected from 26.87.215.141 - 16090D8A566E2A3701337D29DF656753","factions":[]}
{"action":27,"origin":"ac2","date":"2021-09-07T09:52:14","phones":[],"objects":[],"characters":[],"vehicles":[],"interiors":[],"accounts":[2],"content":"Connected from 26.87.215.141 - 16090D8A566E2A3701337D29DF656753","factions":[]}
{"action":27,"origin":"ac2","date":"2021-09-07T09:52:43","phones":[],"objects":[],"characters":[],"vehicles":[],"interiors":[],"accounts":[2],"content":"Connected from 26.87.215.141 - 16090D8A566E2A3701337D29DF656753","factions":[]}
{"action":27,"origin":"ac2","date":"2021-09-07T09:53:13","phones":[],"objects":[],"characters":[],"vehicles":[],"interiors":[],"accounts":[2],"content":"Connected from 26.87.215.141 - 16090D8A566E2A3701337D29DF656753","factions":[]}
{"action":27,"origin":"ac2","date":"2021-09-07T09:53:50","phones":[],"objects":[],"characters":[],"vehicles":[],"interiors":[],"accounts":[2],"content":"Connected from 26.87.215.141 - 16090D8A566E2A3701337D29DF656753","factions":[]}
{"action":27,"origin":"ac2","date":"2021-09-07T09:54:27","phones":[],"objects":[],"characters":[],"vehicles":[],"interiors":[],"accounts":[2],"content":"Connected from 26.87.215.141 - 16090D8A566E2A3701337D29DF656753","factions":[]}
{"action":27,"origin":"ac2","date":"2021-09-07T09:55:16","phones":[],"objects":[],"characters":[],"vehicles":[],"interiors":[],"accounts":[2],"content":"Connected from 26.87.215.141 - 16090D8A566E2A3701337D29DF656753","factions":[]}
{"action":27,"origin":"ac2","date":"2021-09-07T09:55:45","phones":[],"objects":[],"characters":[],"vehicles":[],"interiors":[],"accounts":[2],"content":"Connected from 26.87.215.141 - 16090D8A566E2A3701337D29DF656753","factions":[]}
{"action":27,"origin":"ac2","date":"2021-09-07T09:56:29","phones":[],"objects":[],"characters":[],"vehicles":[],"interiors":[],"accounts":[2],"content":"Connected from 26.87.215.141 - 16090D8A566E2A3701337D29DF656753","factions":[]}
{"action":27,"origin":"ac2","date":"2021-09-07T09:56:52","phones":[],"objects":[],"characters":[],"vehicles":[],"interiors":[],"accounts":[2],"content":"Connected from 26.87.215.141 - 16090D8A566E2A3701337D29DF656753","factions":[]}
{"action":27,"origin":"ac2","date":"2021-09-07T09:57:23","phones":[],"objects":[],"characters":[],"vehicles":[],"interiors":[],"accounts":[2],"content":"Connected from 26.87.215.141 - 16090D8A566E2A3701337D29DF656753","factions":[]}
{"action":27,"origin":"ac2","date":"2021-09-07T09:57:55","phones":[],"objects":[],"characters":[1],"vehicles":[],"interiors":[],"accounts":[2],"content":"Spawned","factions":[]}
{"action":27,"origin":"ac2","date":"2021-09-07T09:58:46","phones":[],"objects":[],"characters":[1],"vehicles":[],"interiors":[],"accounts":[2],"content":"Disconnected (Quit) (Name: Murilo_Estrela)","factions":[]}
{"action":27,"origin":"ac2","date":"2021-09-07T10:00:24","phones":[],"objects":[],"characters":[],"vehicles":[],"interiors":[],"accounts":[2],"content":"Connected from 26.87.215.141 - 16090D8A566E2A3701337D29DF656753","factions":[]}
{"action":27,"origin":"ac2","date":"2021-09-07T10:00:33","phones":[],"objects":[],"characters":[1],"vehicles":[],"interiors":[],"accounts":[2],"content":"Spawned","factions":[]}
{"action":7,"origin":"ch1","date":"2021-09-07T10:01:08","phones":[],"objects":[],"characters":[1],"vehicles":[],"interiors":[],"accounts":[],"content":"English: Ee","factions":[]}
{"action":7,"origin":"ch1","date":"2021-09-07T10:04:54","phones":[],"objects":[],"characters":[1],"vehicles":[],"interiors":[],"accounts":[],"content":"English: Ee","factions":[]}
{"action":31,"origin":"ch1","date":"2021-09-07T10:05:04","phones":[],"objects":[],"characters":[1],"vehicles":[],"interiors":[1],"accounts":[],"content":"ENTERED","factions":[]}
{"action":7,"origin":"ch1","date":"2021-09-07T10:05:27","phones":[],"objects":[],"characters":[1],"vehicles":[],"interiors":[1],"accounts":[],"content":"English: Qedi","factions":[]}
{"action":36,"origin":"ch1","date":"2021-09-07T10:06:30","phones":[],"objects":[],"characters":[1],"vehicles":[],"interiors":[],"accounts":[],"content":"bought WEAPON - 41:mp9ZN8br0vWqmvQZmHb8:Lata de Spray:0","factions":[]}
{"action":36,"origin":"ch1","date":"2021-09-07T10:06:35","phones":[],"objects":[],"characters":[1],"vehicles":[],"interiors":[],"accounts":[],"content":"bought WEAPON - 5:mt9ZN8brmuWqmvQZmHb8:Bastão de Baseball:0","factions":[]}
{"action":36,"origin":"ch1","date":"2021-09-07T10:06:40","phones":[],"objects":[],"characters":[1],"vehicles":[],"interiors":[],"accounts":[],"content":"bought WEAPON - 7:OF9ZN8br0vcYmvQZmHb8:Taco de Sinuca:0","factions":[]}
{"action":40,"origin":"ch1","date":"2021-09-07T10:07:16","phones":[],"objects":[],"characters":[1],"vehicles":[],"interiors":[],"accounts":[],"content":"Murilo Estrela olha dentro do maço de cigarros e tira um.","factions":[]}
{"action":40,"origin":"ch1","date":"2021-09-07T10:07:32","phones":[],"objects":[],"characters":[1],"vehicles":[],"interiors":[],"accounts":[],"content":"Murilo Estrela acende um cigarro.","factions":[]}
{"action":31,"origin":"ch1","date":"2021-09-07T10:07:41","phones":[],"objects":[],"characters":[1],"vehicles":[],"interiors":[1],"accounts":[],"content":"EXITED","factions":[]}
{"action":40,"origin":"ch1","date":"2021-09-07T10:08:05","phones":[],"objects":[],"characters":[1],"vehicles":[],"interiors":[],"accounts":[],"content":"Murilo Estrela mostra a todos um isqueiro.","factions":[]}
{"action":40,"origin":"ch1","date":"2021-09-07T10:08:32","phones":[],"objects":[],"characters":[1],"vehicles":[],"interiors":[],"accounts":[],"content":"Murilo Estrela coloca uma máscara no rosto.","factions":[]}
{"action":40,"origin":"ch1","date":"2021-09-07T10:08:33","phones":[],"objects":[],"characters":[1],"vehicles":[],"interiors":[],"accounts":[],"content":"Murilo Estrela tira uma máscara do rosto.","factions":[]}
{"action":31,"origin":"ch1","date":"2021-09-07T10:09:46","phones":[],"objects":[],"characters":[1],"vehicles":[],"interiors":[1],"accounts":[],"content":"ENTERED","factions":[]}
{"action":31,"origin":"ch1","date":"2021-09-07T10:32:58","phones":[],"objects":[],"characters":[1],"vehicles":[],"interiors":[1],"accounts":[],"content":"EXITED","factions":[]}
{"action":37,"origin":"ch1","date":"2021-09-07T10:33:48","phones":[],"objects":[],"characters":[],"vehicles":[],"interiors":[3],"accounts":[],"content":"ADDINTERIOR T:2 I:48 C:0","factions":[]}
{"action":31,"origin":"ch1","date":"2021-09-07T10:35:27","phones":[],"objects":[],"characters":[1],"vehicles":[],"interiors":[3],"accounts":[],"content":"ENTERED","factions":[]}
{"action":40,"origin":"ch1","date":"2021-09-07T10:37:35","phones":[],"objects":[],"characters":[1],"vehicles":[],"interiors":[],"accounts":[],"content":"Murilo Estrela destruiu um(a) Roupas.","factions":[]}
{"action":31,"origin":"ch1","date":"2021-09-07T10:38:21","phones":[],"objects":[],"characters":[1],"vehicles":[],"interiors":[3],"accounts":[],"content":"EXITED","factions":[]}
{"action":37,"origin":"ch1","date":"2021-09-07T10:41:28","phones":[],"objects":[],"characters":[],"vehicles":[],"interiors":[4],"accounts":[],"content":"ADDINTERIOR T:2 I:63 C:0","factions":[]}
{"action":31,"origin":"ch1","date":"2021-09-07T10:41:30","phones":[],"objects":[],"characters":[1],"vehicles":[],"interiors":[4],"accounts":[],"content":"ENTERED","factions":[]}
{"action":40,"origin":"ch1","date":"2021-09-07T10:42:59","phones":[],"objects":[],"characters":[1],"vehicles":[],"interiors":[],"accounts":[],"content":"Murilo Estrela come um cheeseburger.","factions":[]}
{"action":31,"origin":"ch1","date":"2021-09-07T10:43:05","phones":[],"objects":[],"characters":[1],"vehicles":[],"interiors":[4],"accounts":[],"content":"EXITED","factions":[]}
{"action":40,"origin":"ch1","date":"2021-09-07T10:43:32","phones":[],"objects":[],"characters":[1],"vehicles":[],"interiors":[],"accounts":[],"content":"Murilo Estrela come um taco.","factions":[]}
{"action":40,"origin":"ch1","date":"2021-09-07T10:43:35","phones":[],"objects":[],"characters":[1],"vehicles":[],"interiors":[],"accounts":[],"content":"Murilo Estrela bebe uma sprunk.","factions":[]}
{"action":40,"origin":"ch1","date":"2021-09-07T10:43:37","phones":[],"objects":[],"characters":[1],"vehicles":[],"interiors":[],"accounts":[],"content":"Murilo Estrela bebe uma sprunk.","factions":[]}
{"action":37,"origin":"ch1","date":"2021-09-07T10:44:56","phones":[],"objects":[],"characters":[],"vehicles":[],"interiors":[5],"accounts":[],"content":"ADDINTERIOR T:2 I:45 C:0","factions":[]}
{"action":31,"origin":"ch1","date":"2021-09-07T10:44:58","phones":[],"objects":[],"characters":[1],"vehicles":[],"interiors":[5],"accounts":[],"content":"ENTERED","factions":[]}
{"action":31,"origin":"ch1","date":"2021-09-07T10:45:29","phones":[],"objects":[],"characters":[1],"vehicles":[],"interiors":[5],"accounts":[],"content":"EXITED","factions":[]}
{"action":37,"origin":"ch1","date":"2021-09-07T10:47:28","phones":[],"objects":[],"characters":[],"vehicles":[],"interiors":[6],"accounts":[],"content":"ADDINTERIOR T:2 I:12 C:0","factions":[]}
{"action":31,"origin":"ch1","date":"2021-09-07T10:47:30","phones":[],"objects":[],"characters":[1],"vehicles":[],"interiors":[6],"accounts":[],"content":"ENTERED","factions":[]}
{"action":40,"origin":"ch1","date":"2021-09-07T10:47:43","phones":[],"objects":[],"characters":[1],"vehicles":[],"interiors":[],"accounts":[],"content":"Murilo Estrela liga o computador.","factions":[]}
{"action":40,"origin":"ch1","date":"2021-09-07T10:47:50","phones":[],"objects":[],"characters":[1],"vehicles":[],"interiors":[],"accounts":[],"content":"Murilo Estrela liga o computador.","factions":[]}
{"action":31,"origin":"ch1","date":"2021-09-07T10:52:52","phones":[],"objects":[],"characters":[1],"vehicles":[],"interiors":[6],"accounts":[],"content":"EXITED","factions":[]}
{"action":40,"origin":"ch1","date":"2021-09-07T10:52:59","phones":[],"objects":[],"characters":[1],"vehicles":[],"interiors":[],"accounts":[],"content":"Murilo Estrela muda de roupa.","factions":[]}
{"action":40,"origin":"ch1","date":"2021-09-07T10:53:03","phones":[],"objects":[],"characters":[1],"vehicles":[],"interiors":[],"accounts":[],"content":"Murilo Estrela muda de roupa.","factions":[]}
{"action":37,"origin":"ch1","date":"2021-09-07T10:54:32","phones":[],"objects":[],"characters":[],"vehicles":[],"interiors":[7],"accounts":[],"content":"ADDINTERIOR T:2 I:58 C:0","factions":[]}
{"action":31,"origin":"ch1","date":"2021-09-07T10:54:34","phones":[],"objects":[],"characters":[1],"vehicles":[],"interiors":[7],"accounts":[],"content":"ENTERED","factions":[]}
{"action":31,"origin":"ch1","date":"2021-09-07T10:56:42","phones":[],"objects":[],"characters":[1],"vehicles":[],"interiors":[7],"accounts":[],"content":"EXITED","factions":[]}
{"action":6,"origin":"ch1","date":"2021-09-07T10:57:46","phones":[],"objects":[],"characters":[],"vehicles":[1],"interiors":[],"accounts":[],"content":"DELVEH","factions":[]}
{"action":37,"origin":"ch1","date":"2021-09-07T11:44:09","phones":[],"objects":[],"characters":[],"vehicles":[],"interiors":[8],"accounts":[],"content":"ADDINTERIOR T:2 I:138 C:0","factions":[]}
{"action":31,"origin":"ch1","date":"2021-09-07T11:44:11","phones":[],"objects":[],"characters":[1],"vehicles":[],"interiors":[8],"accounts":[],"content":"ENTERED","factions":[]}
{"action":7,"origin":"ch1","date":"2021-09-07T11:45:20","phones":[],"objects":[],"characters":[1],"vehicles":[],"interiors":[8],"accounts":[],"content":"English: Qse","factions":[]}
{"action":31,"origin":"ch1","date":"2021-09-07T11:45:29","phones":[],"objects":[],"characters":[1],"vehicles":[],"interiors":[8],"accounts":[],"content":"ENTERED","factions":[]}
{"action":37,"origin":"ch1","date":"2021-09-07T11:45:29","phones":[],"objects":[],"characters":[],"vehicles":[],"interiors":[8],"accounts":[],"content":"gotohouse","factions":[]}
{"action":31,"origin":"ch1","date":"2021-09-07T11:45:43","phones":[],"objects":[],"characters":[1],"vehicles":[],"interiors":[8],"accounts":[],"content":"ENTERED","factions":[]}
{"action":4,"origin":"ch1","date":"2021-09-07T11:45:49","phones":[],"objects":[],"characters":[],"vehicles":[],"interiors":[8],"accounts":[],"content":"SETINTERIORID 104","factions":[]}
{"action":4,"origin":"ch1","date":"2021-09-07T11:55:09","phones":[],"objects":[],"characters":[1],"vehicles":[],"interiors":[],"accounts":[],"content":"FREECAM","factions":[]}
{"action":4,"origin":"ch1","date":"2021-09-07T11:56:29","phones":[],"objects":[],"characters":[1],"vehicles":[],"interiors":[],"accounts":[],"content":"FREECAM","factions":[]}
{"action":4,"origin":"ch1","date":"2021-09-07T12:02:39","phones":[],"objects":[],"characters":[1],"vehicles":[],"interiors":[],"accounts":[],"content":"FREECAM","factions":[]}
{"action":4,"origin":"ch1","date":"2021-09-07T12:02:50","phones":[],"objects":[],"characters":[1],"vehicles":[],"interiors":[],"accounts":[],"content":"FREECAM","factions":[]}
{"action":7,"origin":"ch1","date":"2021-09-07T12:07:33","phones":[],"objects":[],"characters":[1],"vehicles":[],"interiors":[8],"accounts":[],"content":"English: Qk","factions":[]}
{"action":31,"origin":"ch1","date":"2021-09-07T13:15:22","phones":[],"objects":[],"characters":[1],"vehicles":[],"interiors":[8],"accounts":[],"content":"EXITED","factions":[]}
{"action":31,"origin":"ch1","date":"2021-09-07T13:17:03","phones":[],"objects":[],"characters":[1],"vehicles":[],"interiors":[8],"accounts":[],"content":"ENTERED","factions":[]}
{"action":4,"origin":"ch1","date":"2021-09-07T13:22:23","phones":[],"objects":[],"characters":[1],"vehicles":[],"interiors":[],"accounts":[],"content":"Has saved \/dutyadmin","factions":[]}
{"action":4,"origin":"ch1","date":"2021-09-07T13:24:53","phones":[],"objects":[],"characters":[1],"vehicles":[],"interiors":[],"accounts":[],"content":"GIVEITEM Patins de Gelo 1","factions":[]}
{"action":4,"origin":"ch1","date":"2021-09-07T13:24:54","phones":[],"objects":[],"characters":[1],"vehicles":[],"interiors":[],"accounts":[],"content":"Has saved \/dutyadmin","factions":[]}
{"action":35,"origin":"ch1","date":"2021-09-07T13:25:13","phones":[],"objects":[],"characters":[],"vehicles":[],"interiors":[],"accounts":[],"content":"Removed Location #1","factions":[1]}
{"action":35,"origin":"ch1","date":"2021-09-07T13:26:00","phones":[],"objects":[],"characters":[],"vehicles":[],"interiors":[],"accounts":[],"content":"Removed duty #1","factions":[1]}
{"action":37,"origin":"ch1","date":"2021-09-07T13:28:30","phones":[],"objects":[],"characters":[],"vehicles":[],"interiors":[8],"accounts":[],"content":"SETINTERIORTYPE 1 (was 2 \/ 0)","factions":[]}
{"action":31,"origin":"ch1","date":"2021-09-07T13:28:34","phones":[],"objects":[],"characters":[1],"vehicles":[],"interiors":[8],"accounts":[],"content":"EXITED","factions":[]}
{"action":31,"origin":"ch1","date":"2021-09-07T13:30:06","phones":[],"objects":[],"characters":[1],"vehicles":[],"interiors":[8],"accounts":[],"content":"ENTERED","factions":[]}
{"action":31,"origin":"ch1","date":"2021-09-07T13:30:11","phones":[],"objects":[],"characters":[1],"vehicles":[],"interiors":[8],"accounts":[],"content":"EXITED","factions":[]}
{"action":31,"origin":"ch1","date":"2021-09-07T13:30:36","phones":[],"objects":[],"characters":[1],"vehicles":[],"interiors":[8],"accounts":[],"content":"ENTERED","factions":[]}
{"action":31,"origin":"ch1","date":"2021-09-07T13:30:46","phones":[],"objects":[],"characters":[1],"vehicles":[],"interiors":[8],"accounts":[],"content":"EXITED","factions":[]}
{"action":31,"origin":"ch1","date":"2021-09-07T13:30:57","phones":[],"objects":[],"characters":[1],"vehicles":[],"interiors":[8],"accounts":[],"content":"ENTERED","factions":[]}
{"action":37,"origin":"ch1","date":"2021-09-07T13:30:59","phones":[],"objects":[],"characters":[],"vehicles":[],"interiors":[8],"accounts":[],"content":"setintprice 22","factions":[]}
{"action":31,"origin":"ch1","date":"2021-09-07T13:31:00","phones":[],"objects":[],"characters":[1],"vehicles":[],"interiors":[8],"accounts":[],"content":"EXITED","factions":[]}
{"action":31,"origin":"ch1","date":"2021-09-07T13:31:02","phones":[],"objects":[],"characters":[1],"vehicles":[],"interiors":[8],"accounts":[],"content":"ENTERED","factions":[]}
{"action":31,"origin":"ch1","date":"2021-09-07T13:31:10","phones":[],"objects":[],"characters":[],"vehicles":[],"interiors":[8],"accounts":[],"content":"LOCK INTERIOR","factions":[]}
{"action":37,"origin":"ch1","date":"2021-09-07T13:37:37","phones":[],"objects":[],"characters":[],"vehicles":[],"interiors":[8],"accounts":[],"content":"BUYPROPERTY $22 FOR FACTION 'Los Santos Police Departament'","factions":[]}
{"action":31,"origin":"ch1","date":"2021-09-07T13:37:52","phones":[],"objects":[],"characters":[1],"vehicles":[],"interiors":[8],"accounts":[],"content":"EXITED","factions":[]}
{"action":31,"origin":"ch1","date":"2021-09-07T13:37:54","phones":[],"objects":[],"characters":[1],"vehicles":[],"interiors":[8],"accounts":[],"content":"ENTERED","factions":[]}
{"action":35,"origin":"ch1","date":"2021-09-07T13:38:17","phones":[],"objects":[],"characters":[],"vehicles":[],"interiors":[],"accounts":[],"content":"Added location, Name:Equipamento Patrulha Database ID:2 x:255.3831 y:77.435799 z:1003.6406 radius:3 interior:6 dimension:8","factions":[1]}
{"action":35,"origin":"ch1","date":"2021-09-07T13:38:23","phones":[],"objects":[],"characters":[],"vehicles":[],"interiors":[],"accounts":[],"content":"Revised location ID #2 x:255.3831 y:77.435799 z:1003.6406 radius:2 interior:6 dimension:8","factions":[1]}
{"action":35,"origin":"ch1","date":"2021-09-07T13:39:31","phones":[],"objects":[],"characters":[],"vehicles":[],"interiors":[],"accounts":[],"content":"Added duty Patrulha LSPD Database ID #2","factions":[1]}
{"action":40,"origin":"ch1","date":"2021-09-07T13:40:52","phones":[],"objects":[],"characters":[1],"vehicles":[],"interiors":[],"accounts":[],"content":"Murilo Estrela coloca um Distintivo LSPD.","factions":[]}
{"action":40,"origin":"ch1","date":"2021-09-07T13:40:52","phones":[],"objects":[],"characters":[1],"vehicles":[],"interiors":[],"accounts":[],"content":"Murilo Estrela remove um Distintivo LSPD.","factions":[]}
{"action":40,"origin":"ch1","date":"2021-09-07T13:40:53","phones":[],"objects":[],"characters":[1],"vehicles":[],"interiors":[],"accounts":[],"content":"Murilo Estrela coloca um Distintivo LSPD.","factions":[]}
{"action":40,"origin":"ch1","date":"2021-09-07T13:40:54","phones":[],"objects":[],"characters":[1],"vehicles":[],"interiors":[],"accounts":[],"content":"Murilo Estrela remove um Distintivo LSPD.","factions":[]}
{"action":40,"origin":"ch1","date":"2021-09-07T13:40:55","phones":[],"objects":[],"characters":[1],"vehicles":[],"interiors":[],"accounts":[],"content":"Murilo Estrela destruiu um(a) Distintivo LSPD.","factions":[]}
{"action":40,"origin":"ch1","date":"2021-09-07T13:40:56","phones":[],"objects":[],"characters":[1],"vehicles":[],"interiors":[],"accounts":[],"content":"Murilo Estrela destruiu um(a) Distintivo LSPD.","factions":[]}
{"action":40,"origin":"ch1","date":"2021-09-07T13:41:11","phones":[],"objects":[],"characters":[1],"vehicles":[],"interiors":[],"accounts":[],"content":"Murilo Estrela coloca um Distintivo LSPD.","factions":[]}
{"action":40,"origin":"ch1","date":"2021-09-07T13:41:38","phones":[],"objects":[],"characters":[1],"vehicles":[],"interiors":[],"accounts":[],"content":"Murilo Estrela destruiu um(a) Glock.","factions":[]}
{"action":39,"origin":"ch1","date":"2021-09-07T13:42:33","phones":[],"objects":[],"characters":[1],"vehicles":[],"interiors":[],"accounts":[],"content":"Murilo_Estrela -> ~World #20 - Cartucho - 2904 projetil de .45 @ (245.57701, 76.412094, 1002.6406) in (int 6, dim 8)","factions":[]}
{"action":40,"origin":"ch1","date":"2021-09-07T13:42:34","phones":[],"objects":[],"characters":[1],"vehicles":[],"interiors":[],"accounts":[],"content":"Murilo Estrela recarrega sua Deagle (D).","factions":[]}
{"action":13,"origin":"ch1","date":"2021-09-07T13:42:46","phones":[],"objects":[],"characters":[1],"vehicles":[],"interiors":[],"accounts":[],"content":"Você ouve uma série de altos tiros de pistola ecoando pela vizinhança","factions":[]}
{"action":39,"origin":"ch1","date":"2021-09-07T13:42:47","phones":[],"objects":[],"characters":[1],"vehicles":[],"interiors":[],"accounts":[],"content":"Murilo_Estrela -> ~World #21 - Cartucho - .45 casing @ (246.37642, 73.76683, 1002.6406) in (int 6, dim 8)","factions":[]}
{"action":39,"origin":"ch1","date":"2021-09-07T13:42:49","phones":[],"objects":[],"characters":[1],"vehicles":[],"interiors":[],"accounts":[],"content":"Murilo_Estrela -> ~World #22 - Cartucho - .45 casing @ (246.3688, 73.71199, 1002.6406) in (int 6, dim 8)","factions":[]}
{"action":39,"origin":"ch1","date":"2021-09-07T13:42:55","phones":[],"objects":[],"characters":[1],"vehicles":[],"interiors":[],"accounts":[],"content":"Murilo_Estrela -> ~World #23 - Cartucho - .45 casing @ (246.21083, 81.342201, 1002.6406) in (int 6, dim 8)","factions":[]}
{"action":39,"origin":"ch1","date":"2021-09-07T13:42:56","phones":[],"objects":[],"characters":[1],"vehicles":[],"interiors":[],"accounts":[],"content":"Murilo_Estrela -> ~World #24 - Cartucho - .45 casing @ (247.08415, 83.15834, 1002.6406) in (int 6, dim 8)","factions":[]}
{"action":40,"origin":"ch1","date":"2021-09-07T13:42:58","phones":[],"objects":[],"characters":[1],"vehicles":[],"interiors":[],"accounts":[],"content":"Murilo Estrela recarrega sua Deagle (D).","factions":[]}
{"action":40,"origin":"ch1","date":"2021-09-07T13:43:18","phones":[],"objects":[],"characters":[1],"vehicles":[],"interiors":[],"accounts":[],"content":"Murilo Estrela remove um Distintivo LSPD.","factions":[]}
{"action":40,"origin":"ch1","date":"2021-09-07T13:43:22","phones":[],"objects":[],"characters":[1],"vehicles":[],"interiors":[],"accounts":[],"content":"Murilo Estrela coloca um Distintivo LSPD.","factions":[]}
{"action":40,"origin":"ch1","date":"2021-09-07T13:43:24","phones":[],"objects":[],"characters":[1],"vehicles":[],"interiors":[],"accounts":[],"content":"Murilo Estrela remove um Distintivo LSPD.","factions":[]}
{"action":40,"origin":"ch1","date":"2021-09-07T13:44:45","phones":[],"objects":[],"characters":[1],"vehicles":[],"interiors":[],"accounts":[],"content":"Murilo Estrela retunes their radio.","factions":[]}
{"action":9,"origin":"ch1","date":"2021-09-07T13:44:48","phones":[],"objects":[],"characters":[1,1],"vehicles":[],"interiors":[],"accounts":[],"content":"22 English Awa","factions":[]}
{"action":9,"origin":"ch1","date":"2021-09-07T13:44:53","phones":[],"objects":[],"characters":[1,1],"vehicles":[],"interiors":[],"accounts":[],"content":"22 English Wadawd","factions":[]}
{"action":39,"origin":"ch1","date":"2021-09-07T13:45:00","phones":[],"objects":[],"characters":[1],"vehicles":[],"interiors":[],"accounts":[],"content":"Murilo_Estrela -> ~World #25 - Radio - 22 @ (251.16391, 76.193581, 1002.6406) in (int 6, dim 8)","factions":[]}
{"action":40,"origin":"ch1","date":"2021-09-07T13:45:00","phones":[],"objects":[],"characters":[1],"vehicles":[],"interiors":[],"accounts":[],"content":"Murilo Estrela largou um(a) Radio.","factions":[]}
{"action":39,"origin":"ch1","date":"2021-09-07T13:45:04","phones":[],"objects":[25],"characters":[],"vehicles":[],"interiors":[],"accounts":[],"content":"~World #25 @ (251.16390991211, 76.193580627441, 1002.5905761719) in (int 6, dim 8) ->Murilo_Estrela - Radio - 22","factions":[]}
{"action":40,"origin":"ch1","date":"2021-09-07T13:45:04","phones":[],"objects":[],"characters":[1],"vehicles":[],"interiors":[],"accounts":[],"content":"Murilo Estrela se inclina e pega a Radio.","factions":[]}
{"action":9,"origin":"ch1","date":"2021-09-07T13:45:12","phones":[],"objects":[],"characters":[1,1],"vehicles":[],"interiors":[],"accounts":[],"content":"22 English Dawdaw","factions":[]}
{"action":40,"origin":"ch1","date":"2021-09-07T13:46:04","phones":[],"objects":[],"characters":[1],"vehicles":[],"interiors":[],"accounts":[],"content":"Murilo Estrela retunes their radio.","factions":[]}
{"action":3,"origin":"ch1","date":"2021-09-07T13:50:12","phones":[],"objects":[],"characters":[1],"vehicles":[],"interiors":[],"accounts":[],"content":"e","factions":[]}
{"action":40,"origin":"ch1","date":"2021-09-07T13:52:04","phones":[],"objects":[],"characters":[1],"vehicles":[],"interiors":[],"accounts":[],"content":"Murilo Estrela retunes their radio.","factions":[]}
{"action":27,"origin":"ac2","date":"2021-09-07T13:57:39","phones":[],"objects":[],"characters":[1],"vehicles":[],"interiors":[],"accounts":[2],"content":"Disconnected (Quit) (Name: Murilo_Estrela)","factions":[]}
