{"action":27,"origin":"ac2","date":"2021-09-09T13:27:05","phones":[],"objects":[],"characters":[],"vehicles":[],"interiors":[],"accounts":[2],"content":"Connected from 26.87.215.141 - 16090D8A566E2A3701337D29DF656753","factions":[]}
{"action":27,"origin":"ac2","date":"2021-09-09T13:27:16","phones":[],"objects":[],"characters":[1],"vehicles":[],"interiors":[],"accounts":[2],"content":"Spawned","factions":[]}
{"action":31,"origin":"ch1","date":"2021-09-09T13:27:24","phones":[],"objects":[],"characters":[1],"vehicles":[],"interiors":[8],"accounts":[],"content":"EXITED","factions":[]}
{"action":7,"origin":"ch1","date":"2021-09-09T13:27:30","phones":[],"objects":[],"characters":[1],"vehicles":[],"interiors":[],"accounts":[],"content":"English: Salve mano.","factions":[]}
{"action":40,"origin":"ch1","date":"2021-09-09T14:12:38","phones":[],"objects":[],"characters":[1],"vehicles":[],"interiors":[],"accounts":[],"content":"Murilo Estrela teve sua perna esquerda atingida.","factions":[]}
{"action":40,"origin":"ch1","date":"2021-09-09T14:13:21","phones":[],"objects":[],"characters":[1],"vehicles":[],"interiors":[],"accounts":[],"content":"Murilo Estrela coloca a chave na porta para destrancar.","factions":[]}
{"action":31,"origin":"ch1","date":"2021-09-09T14:13:21","phones":[],"objects":[],"characters":[],"vehicles":[],"interiors":[2],"accounts":[],"content":"UNLOCK INTERIOR","factions":[]}
{"action":31,"origin":"ch1","date":"2021-09-09T14:13:21","phones":[],"objects":[],"characters":[1],"vehicles":[],"interiors":[2],"accounts":[],"content":"ENTERED","factions":[]}
{"action":40,"origin":"ch1","date":"2021-09-09T14:13:23","phones":[],"objects":[],"characters":[1],"vehicles":[],"interiors":[],"accounts":[],"content":"Murilo Estrela coloca a chave na porta para trancá-la.","factions":[]}
{"action":31,"origin":"ch1","date":"2021-09-09T14:13:23","phones":[],"objects":[],"characters":[],"vehicles":[],"interiors":[2],"accounts":[],"content":"LOCK INTERIOR","factions":[]}
{"action":40,"origin":"ch1","date":"2021-09-09T14:14:24","phones":[],"objects":[],"characters":[1],"vehicles":[],"interiors":[],"accounts":[],"content":"Murilo Estrela coloca a chave na porta para destrancar.","factions":[]}
{"action":31,"origin":"ch1","date":"2021-09-09T14:14:24","phones":[],"objects":[],"characters":[],"vehicles":[],"interiors":[2],"accounts":[],"content":"UNLOCK INTERIOR","factions":[]}
{"action":31,"origin":"ch1","date":"2021-09-09T14:14:24","phones":[],"objects":[],"characters":[1],"vehicles":[],"interiors":[2],"accounts":[],"content":"EXITED","factions":[]}
{"action":40,"origin":"ch1","date":"2021-09-09T14:14:25","phones":[],"objects":[],"characters":[1],"vehicles":[],"interiors":[],"accounts":[],"content":"Murilo Estrela coloca a chave na porta para trancá-la.","factions":[]}
{"action":31,"origin":"ch1","date":"2021-09-09T14:14:25","phones":[],"objects":[],"characters":[],"vehicles":[],"interiors":[2],"accounts":[],"content":"LOCK INTERIOR","factions":[]}
{"action":27,"origin":"ac2","date":"2021-09-09T14:14:36","phones":[],"objects":[],"characters":[1],"vehicles":[],"interiors":[],"accounts":[2],"content":"Disconnected (Quit) (Name: Murilo_Estrela)","factions":[]}
{"action":27,"origin":"ac2","date":"2021-09-09T18:17:38","phones":[],"objects":[],"characters":[],"vehicles":[],"interiors":[],"accounts":[2],"content":"Connected from 26.87.215.141 - 16090D8A566E2A3701337D29DF656753","factions":[]}
{"action":27,"origin":"ac2","date":"2021-09-09T18:17:47","phones":[],"objects":[],"characters":[1],"vehicles":[],"interiors":[],"accounts":[2],"content":"Spawned","factions":[]}
{"action":40,"origin":"ch1","date":"2021-09-09T18:21:33","phones":[],"objects":[],"characters":[1],"vehicles":[],"interiors":[],"accounts":[],"content":"Murilo Estrela muda de roupa.","factions":[]}
{"action":40,"origin":"ch1","date":"2021-09-09T18:21:36","phones":[],"objects":[],"characters":[1],"vehicles":[],"interiors":[],"accounts":[],"content":"Murilo Estrela coloca um Capacede de Moto (Fechado) sobre a cabeça.","factions":[]}
{"action":40,"origin":"ch1","date":"2021-09-09T18:21:37","phones":[],"objects":[],"characters":[1],"vehicles":[],"interiors":[],"accounts":[],"content":"Murilo Estrela muda de roupa.","factions":[]}
{"action":40,"origin":"ch1","date":"2021-09-09T18:21:39","phones":[],"objects":[],"characters":[1],"vehicles":[],"interiors":[],"accounts":[],"content":"Murilo Estrela muda de roupa.","factions":[]}
{"action":27,"origin":"ac2","date":"2021-09-09T22:19:03","phones":[],"objects":[],"characters":[],"vehicles":[],"interiors":[],"accounts":[2],"content":"Connected from 26.87.215.141 - 16090D8A566E2A3701337D29DF656753","factions":[]}
{"action":27,"origin":"ac2","date":"2021-09-09T22:19:12","phones":[],"objects":[],"characters":[1],"vehicles":[],"interiors":[],"accounts":[2],"content":"Spawned","factions":[]}
{"action":40,"origin":"ch1","date":"2021-09-09T22:19:33","phones":[],"objects":[],"characters":[1],"vehicles":[],"interiors":[],"accounts":[],"content":"Murilo Estrela coloca um Bandana Azul em torno de sua cabeça.","factions":[]}
{"action":40,"origin":"ch1","date":"2021-09-09T22:19:34","phones":[],"objects":[],"characters":[1],"vehicles":[],"interiors":[],"accounts":[],"content":"Murilo Estrela remove um Bandana Azul de sua cabeça.","factions":[]}
{"action":40,"origin":"ch1","date":"2021-09-09T22:20:17","phones":[],"objects":[],"characters":[1],"vehicles":[],"interiors":[],"accounts":[],"content":"Murilo Estrela coloca a chave na porta para destrancar.","factions":[]}
{"action":31,"origin":"ch1","date":"2021-09-09T22:20:17","phones":[],"objects":[],"characters":[],"vehicles":[],"interiors":[2],"accounts":[],"content":"UNLOCK INTERIOR","factions":[]}
{"action":31,"origin":"ch1","date":"2021-09-09T22:20:18","phones":[],"objects":[],"characters":[1],"vehicles":[],"interiors":[2],"accounts":[],"content":"ENTERED","factions":[]}
{"action":40,"origin":"ch1","date":"2021-09-09T22:20:18","phones":[],"objects":[],"characters":[1],"vehicles":[],"interiors":[],"accounts":[],"content":"Murilo Estrela coloca a chave na porta para trancá-la.","factions":[]}
{"action":31,"origin":"ch1","date":"2021-09-09T22:20:18","phones":[],"objects":[],"characters":[],"vehicles":[],"interiors":[2],"accounts":[],"content":"LOCK INTERIOR","factions":[]}
{"action":39,"origin":"ch1","date":"2021-09-09T22:20:34","phones":[],"objects":[17],"characters":[],"vehicles":[],"interiors":[],"accounts":[],"content":"~World #17 @ (358.08700561523, 1413.1700439453, 1081.5600585938) in (int 15, dim 2) ->Murilo_Estrela - Arma - 24:mp9ZN80rOvgBmH0tmub8:Desert Eagle Pistol:4","factions":[]}
{"action":40,"origin":"ch1","date":"2021-09-09T22:20:34","phones":[],"objects":[],"characters":[1],"vehicles":[],"interiors":[],"accounts":[],"content":"Murilo Estrela se inclina e pega a Desert Eagle Pistol.","factions":[]}
{"action":40,"origin":"ch1","date":"2021-09-09T22:20:58","phones":[],"objects":[],"characters":[1],"vehicles":[],"interiors":[],"accounts":[],"content":"Murilo Estrela coloca a chave na porta para destrancar.","factions":[]}
{"action":31,"origin":"ch1","date":"2021-09-09T22:20:58","phones":[],"objects":[],"characters":[],"vehicles":[],"interiors":[2],"accounts":[],"content":"UNLOCK INTERIOR","factions":[]}
{"action":31,"origin":"ch1","date":"2021-09-09T22:20:58","phones":[],"objects":[],"characters":[1],"vehicles":[],"interiors":[2],"accounts":[],"content":"EXITED","factions":[]}
{"action":40,"origin":"ch1","date":"2021-09-09T22:20:59","phones":[],"objects":[],"characters":[1],"vehicles":[],"interiors":[],"accounts":[],"content":"Murilo Estrela coloca a chave na porta para trancá-la.","factions":[]}
{"action":31,"origin":"ch1","date":"2021-09-09T22:20:59","phones":[],"objects":[],"characters":[],"vehicles":[],"interiors":[2],"accounts":[],"content":"LOCK INTERIOR","factions":[]}
{"action":39,"origin":"ch1","date":"2021-09-09T22:22:18","phones":[],"objects":[],"characters":[1],"vehicles":[],"interiors":[],"accounts":[],"content":"Murilo_Estrela -> ~World #26 - Cartucho - .45 casing @ (2008.6989, -1703.3348, 12.554684) in (int 0, dim 0)","factions":[]}
{"action":27,"origin":"ac4","date":"2021-09-09T22:28:01","phones":[],"objects":[],"characters":[],"vehicles":[],"interiors":[],"accounts":[4],"content":"Connected from 192.168.0.11 - 1C202727546E2698B49125DD31888E53","factions":[]}
{"action":27,"origin":"ac4","date":"2021-09-09T22:29:02","phones":[],"objects":[],"characters":[0],"vehicles":[],"interiors":[],"accounts":[4],"content":"Disconnected (Quit) (Name: LY.Jogador.7413)","factions":[]}
{"action":27,"origin":"ac4","date":"2021-09-09T22:29:36","phones":[],"objects":[],"characters":[],"vehicles":[],"interiors":[],"accounts":[4],"content":"Connected from 192.168.0.11 - 1C202727546E2698B49125DD31888E53","factions":[]}
{"action":27,"origin":"ac4","date":"2021-09-09T22:30:39","phones":[],"objects":[],"characters":[2],"vehicles":[],"interiors":[],"accounts":[4],"content":"Criado","factions":[]}
{"action":27,"origin":"ac4","date":"2021-09-09T22:30:39","phones":[],"objects":[],"characters":[2],"vehicles":[],"interiors":[],"accounts":[4],"content":"Spawned","factions":[]}
{"action":4,"origin":"ch1","date":"2021-09-09T22:31:23","phones":[],"objects":[],"characters":[2],"vehicles":[],"interiors":[],"accounts":[],"content":"GIVEITEM Algemas 1","factions":[]}
{"action":4,"origin":"ch1","date":"2021-09-09T22:31:25","phones":[],"objects":[],"characters":[2],"vehicles":[],"interiors":[],"accounts":[],"content":"GIVEITEM Chaves de Algema 1","factions":[]}
{"action":4,"origin":"ch1","date":"2021-09-09T22:32:05","phones":[],"objects":[],"characters":[1],"vehicles":[],"interiors":[],"accounts":[],"content":"GIVEITEM Chaves de Algema 1","factions":[]}
{"action":4,"origin":"ch1","date":"2021-09-09T22:32:12","phones":[],"objects":[],"characters":[1],"vehicles":[],"interiors":[],"accounts":[],"content":"GIVEITEM Algemas 1","factions":[]}
{"action":7,"origin":"ch1","date":"2021-09-09T22:32:55","phones":[],"objects":[],"characters":[1,2],"vehicles":[],"interiors":[],"accounts":[],"content":"English: Kkk","factions":[]}
{"action":13,"origin":"ch1","date":"2021-09-09T22:33:00","phones":[],"objects":[],"characters":[1,2],"vehicles":[],"interiors":[],"accounts":[],"content":"Você ouve uma série de altos tiros de pistola ecoando pela vizinhança","factions":[]}
{"action":40,"origin":"ch2","date":"2021-09-09T22:33:00","phones":[],"objects":[],"characters":[1,2],"vehicles":[],"interiors":[],"accounts":[],"content":"Eeee Eeeee teve sua perna direita atingida.","factions":[]}
{"action":39,"origin":"ch1","date":"2021-09-09T22:33:01","phones":[],"objects":[],"characters":[1],"vehicles":[],"interiors":[],"accounts":[],"content":"Murilo_Estrela -> ~World #27 - Cartucho - .45 casing @ (2002.1154, -1709.3774, 12.382813) in (int 0, dim 0)","factions":[]}
{"action":40,"origin":"ch2","date":"2021-09-09T22:33:02","phones":[],"objects":[],"characters":[1,2],"vehicles":[],"interiors":[],"accounts":[],"content":"Eeee Eeeee teve sua perna esquerda atingida.","factions":[]}
{"action":39,"origin":"ch1","date":"2021-09-09T22:33:03","phones":[],"objects":[],"characters":[1],"vehicles":[],"interiors":[],"accounts":[],"content":"Murilo_Estrela -> ~World #28 - Cartucho - .45 casing @ (2004.0555, -1709.5389, 12.382813) in (int 0, dim 0)","factions":[]}
{"action":34,"origin":"ch2","date":"2021-09-09T22:33:04","phones":[],"objects":[],"characters":[2,1],"vehicles":[],"interiors":[],"accounts":[],"content":" foi morto por Murilo Estrela (Deagle)","factions":[]}
{"action":39,"origin":"ch1","date":"2021-09-09T22:33:05","phones":[],"objects":[],"characters":[1],"vehicles":[],"interiors":[],"accounts":[],"content":"Murilo_Estrela -> ~World #29 - Cartucho - .45 casing @ (2003.9065, -1709.4929, 12.382813) in (int 0, dim 0)","factions":[]}
{"action":40,"origin":"ch1","date":"2021-09-09T22:34:08","phones":[],"objects":[],"characters":[1,2],"vehicles":[],"interiors":[],"accounts":[],"content":"Murilo Estrela pega seu Celular.","factions":[]}
{"action":40,"origin":"ch1","date":"2021-09-09T22:34:14","phones":[],"objects":[],"characters":[1,2],"vehicles":[],"interiors":[],"accounts":[],"content":"Murilo Estrela guarda seu Celular.","factions":[]}
{"action":4,"origin":"ch1","date":"2021-09-09T22:34:48","phones":[],"objects":[],"characters":[1],"vehicles":[],"interiors":[],"accounts":[],"content":"GIVEITEM Kit de Primeiros Socorros 1","factions":[]}
{"action":34,"origin":"ch2","date":"2021-09-09T22:35:03","phones":[],"objects":[],"characters":[2,1],"vehicles":[],"interiors":[],"accounts":[],"content":" foi morto por Murilo Estrela (Fist)","factions":[]}
{"action":40,"origin":"ch1","date":"2021-09-09T22:36:30","phones":[],"objects":[],"characters":[1,2],"vehicles":[],"interiors":[],"accounts":[],"content":"Murilo Estrela coloca uma máscara no rosto.","factions":[]}
{"action":40,"origin":"ch1","date":"2021-09-09T22:36:31","phones":[],"objects":[],"characters":[1,2],"vehicles":[],"interiors":[],"accounts":[],"content":"Murilo Estrela tira uma máscara do rosto.","factions":[]}
{"action":40,"origin":"ch1","date":"2021-09-09T22:36:36","phones":[],"objects":[],"characters":[1,2],"vehicles":[],"interiors":[],"accounts":[],"content":"Murilo Estrela coloca uma máscara no rosto.","factions":[]}
{"action":27,"origin":"ac2","date":"2021-09-09T22:36:48","phones":[],"objects":[],"characters":[1],"vehicles":[],"interiors":[],"accounts":[2],"content":"Disconnected (Quit) (Name: Murilo_Estrela)","factions":[]}
{"action":27,"origin":"ac4","date":"2021-09-09T22:36:53","phones":[],"objects":[],"characters":[2],"vehicles":[],"interiors":[],"accounts":[4],"content":"Disconnected (Quit) (Name: Eeee_Eeeee)","factions":[]}
